Vivado Simulator 2018.3
Copyright 1986-1999, 2001-2018 Xilinx, Inc. All Rights Reserved.
Running: D:/Xilinx/Vivado/2018.3/bin/unwrapped/win64.o/xelab.exe -wto a1845c764a1847ad96e089803310f14b --incr --debug typical --relax --mt 2 -L xbip_utils_v3_0_9 -L axi_utils_v2_0_5 -L xbip_pipe_v3_0_5 -L xbip_bram18k_v3_0_5 -L mult_gen_v12_0_14 -L xbip_dsp48_wrapper_v3_0_4 -L xbip_dsp48_addsub_v3_0_5 -L xbip_dsp48_multadd_v3_0_5 -L dds_compiler_v6_0_17 -L xil_defaultlib -L fir_compiler_v7_2_11 -L blk_mem_gen_v8_4_2 -L unisims_ver -L unimacro_ver -L secureip -L xpm --snapshot tb_2ask_transmitter_behav xil_defaultlib.tb_2ask_transmitter xil_defaultlib.glbl -log elaborate.log 
Using 2 slave threads.
Starting static elaboration
WARNING: [VRFC 10-516] comparison between unequal length arrays always returns FALSE [/wrk/2018.3/nightly/2018_12_06_2405991/packages/customer/vivado/data/ip/xilinx/xbip_utils_v3_0/hdl/xbip_utils_v3_0_vh_rfs.vhd:2056]
WARNING: [VRFC 10-516] comparison between unequal length arrays always returns FALSE [/wrk/2018.3/nightly/2018_12_06_2405991/packages/customer/vivado/data/ip/xilinx/xbip_utils_v3_0/hdl/xbip_utils_v3_0_vh_rfs.vhd:2057]
WARNING: [VRFC 10-516] comparison between unequal length arrays always returns FALSE [/wrk/2018.3/nightly/2018_12_06_2405991/packages/customer/vivado/data/ip/xilinx/xbip_utils_v3_0/hdl/xbip_utils_v3_0_vh_rfs.vhd:2058]
WARNING: [VRFC 10-516] comparison between unequal length arrays always returns FALSE [/wrk/2018.3/nightly/2018_12_06_2405991/packages/customer/vivado/data/ip/xilinx/xbip_utils_v3_0/hdl/xbip_utils_v3_0_vh_rfs.vhd:2059]
WARNING: [VRFC 10-516] comparison between unequal length arrays always returns FALSE [/wrk/2018.3/nightly/2018_12_06_2405991/packages/customer/vivado/data/ip/xilinx/xbip_utils_v3_0/hdl/xbip_utils_v3_0_vh_rfs.vhd:2045]
WARNING: [VRFC 10-516] comparison between unequal length arrays always returns FALSE [/wrk/2018.3/nightly/2018_12_06_2405991/packages/customer/vivado/data/ip/xilinx/xbip_utils_v3_0/hdl/xbip_utils_v3_0_vh_rfs.vhd:2046]
WARNING: [VRFC 10-516] comparison between unequal length arrays always returns FALSE [/wrk/2018.3/nightly/2018_12_06_2405991/packages/customer/vivado/data/ip/xilinx/xbip_utils_v3_0/hdl/xbip_utils_v3_0_vh_rfs.vhd:2047]
WARNING: [VRFC 10-516] comparison between unequal length arrays always returns FALSE [/wrk/2018.3/nightly/2018_12_06_2405991/packages/customer/vivado/data/ip/xilinx/xbip_utils_v3_0/hdl/xbip_utils_v3_0_vh_rfs.vhd:2048]
WARNING: [VRFC 10-516] comparison between unequal length arrays always returns FALSE [/wrk/2018.3/nightly/2018_12_06_2405991/packages/customer/vivado/data/ip/xilinx/xbip_utils_v3_0/hdl/xbip_utils_v3_0_vh_rfs.vhd:2049]
WARNING: [VRFC 10-516] comparison between unequal length arrays always returns FALSE [/wrk/2018.3/nightly/2018_12_06_2405991/packages/customer/vivado/data/ip/xilinx/xbip_utils_v3_0/hdl/xbip_utils_v3_0_vh_rfs.vhd:2056]
WARNING: [VRFC 10-516] comparison between unequal length arrays always returns FALSE [/wrk/2018.3/nightly/2018_12_06_2405991/packages/customer/vivado/data/ip/xilinx/xbip_utils_v3_0/hdl/xbip_utils_v3_0_vh_rfs.vhd:2057]
WARNING: [VRFC 10-516] comparison between unequal length arrays always returns FALSE [/wrk/2018.3/nightly/2018_12_06_2405991/packages/customer/vivado/data/ip/xilinx/xbip_utils_v3_0/hdl/xbip_utils_v3_0_vh_rfs.vhd:2058]
WARNING: [VRFC 10-516] comparison between unequal length arrays always returns FALSE [/wrk/2018.3/nightly/2018_12_06_2405991/packages/customer/vivado/data/ip/xilinx/xbip_utils_v3_0/hdl/xbip_utils_v3_0_vh_rfs.vhd:2059]
WARNING: [VRFC 10-516] comparison between unequal length arrays always returns FALSE [/wrk/2018.3/nightly/2018_12_06_2405991/packages/customer/vivado/data/ip/xilinx/xbip_utils_v3_0/hdl/xbip_utils_v3_0_vh_rfs.vhd:2045]
WARNING: [VRFC 10-516] comparison between unequal length arrays always returns FALSE [/wrk/2018.3/nightly/2018_12_06_2405991/packages/customer/vivado/data/ip/xilinx/xbip_utils_v3_0/hdl/xbip_utils_v3_0_vh_rfs.vhd:2046]
WARNING: [VRFC 10-516] comparison between unequal length arrays always returns FALSE [/wrk/2018.3/nightly/2018_12_06_2405991/packages/customer/vivado/data/ip/xilinx/xbip_utils_v3_0/hdl/xbip_utils_v3_0_vh_rfs.vhd:2047]
WARNING: [VRFC 10-516] comparison between unequal length arrays always returns FALSE [/wrk/2018.3/nightly/2018_12_06_2405991/packages/customer/vivado/data/ip/xilinx/xbip_utils_v3_0/hdl/xbip_utils_v3_0_vh_rfs.vhd:2048]
WARNING: [VRFC 10-516] comparison between unequal length arrays always returns FALSE [/wrk/2018.3/nightly/2018_12_06_2405991/packages/customer/vivado/data/ip/xilinx/xbip_utils_v3_0/hdl/xbip_utils_v3_0_vh_rfs.vhd:2049]
WARNING: [VRFC 10-516] comparison between unequal length arrays always returns FALSE [/wrk/2018.3/nightly/2018_12_06_2405991/packages/customer/vivado/data/ip/xilinx/xbip_utils_v3_0/hdl/xbip_utils_v3_0_vh_rfs.vhd:2056]
WARNING: [VRFC 10-516] comparison between unequal length arrays always returns FALSE [/wrk/2018.3/nightly/2018_12_06_2405991/packages/customer/vivado/data/ip/xilinx/xbip_utils_v3_0/hdl/xbip_utils_v3_0_vh_rfs.vhd:2057]
WARNING: [VRFC 10-516] comparison between unequal length arrays always returns FALSE [/wrk/2018.3/nightly/2018_12_06_2405991/packages/customer/vivado/data/ip/xilinx/xbip_utils_v3_0/hdl/xbip_utils_v3_0_vh_rfs.vhd:2058]
WARNING: [VRFC 10-516] comparison between unequal length arrays always returns FALSE [/wrk/2018.3/nightly/2018_12_06_2405991/packages/customer/vivado/data/ip/xilinx/xbip_utils_v3_0/hdl/xbip_utils_v3_0_vh_rfs.vhd:2059]
WARNING: [VRFC 10-516] comparison between unequal length arrays always returns FALSE [/wrk/2018.3/nightly/2018_12_06_2405991/packages/customer/vivado/data/ip/xilinx/xbip_utils_v3_0/hdl/xbip_utils_v3_0_vh_rfs.vhd:2045]
WARNING: [VRFC 10-516] comparison between unequal length arrays always returns FALSE [/wrk/2018.3/nightly/2018_12_06_2405991/packages/customer/vivado/data/ip/xilinx/xbip_utils_v3_0/hdl/xbip_utils_v3_0_vh_rfs.vhd:2046]
WARNING: [VRFC 10-516] comparison between unequal length arrays always returns FALSE [/wrk/2018.3/nightly/2018_12_06_2405991/packages/customer/vivado/data/ip/xilinx/xbip_utils_v3_0/hdl/xbip_utils_v3_0_vh_rfs.vhd:2047]
WARNING: [VRFC 10-516] comparison between unequal length arrays always returns FALSE [/wrk/2018.3/nightly/2018_12_06_2405991/packages/customer/vivado/data/ip/xilinx/xbip_utils_v3_0/hdl/xbip_utils_v3_0_vh_rfs.vhd:2048]
WARNING: [VRFC 10-516] comparison between unequal length arrays always returns FALSE [/wrk/2018.3/nightly/2018_12_06_2405991/packages/customer/vivado/data/ip/xilinx/xbip_utils_v3_0/hdl/xbip_utils_v3_0_vh_rfs.vhd:2049]
WARNING: [VRFC 10-3715] size mismatch in mixed language port association, vhdl port 'm_axis_data_tdata' [D:/Desktop/2ASK_FPGA/2ASK-bandpass-system-transmitter/fpga_project/ASK/ASK.srcs/sources_1/new/top_2ask_transmitter.v:147]
Completed static elaboration
Starting simulation data flow analysis
Completed simulation data flow analysis
Time Resolution for simulation is 1ps
Compiling package std.standard
Compiling package std.textio
Compiling package ieee.std_logic_1164
Compiling package ieee.numeric_std
Compiling package xbip_utils_v3_0_9.xbip_utils_v3_0_9_pkg
Compiling package fir_compiler_v7_2_11.fir_compiler_v7_2_11_viv_comp
Compiling package ieee.std_logic_textio
Compiling package fir_compiler_v7_2_11.globals_pkg
Compiling package fir_compiler_v7_2_11.components
Compiling package ieee.math_real
Compiling package axi_utils_v2_0_5.global_util_pkg
Compiling package axi_utils_v2_0_5.axi_utils_comps
Compiling package unisim.vcomponents
Compiling package ieee.std_logic_arith
Compiling package ieee.std_logic_signed
Compiling package ieee.vital_timing
Compiling package ieee.vital_primitives
Compiling package unisim.vpkg
Compiling package xbip_utils_v3_0_9.xcc_utils_v3_0
Compiling package dds_compiler_v6_0_17.dds_compiler_v6_0_17_viv_comp
Compiling package dds_compiler_v6_0_17.pkg_dds_compiler_v6_0_17
Compiling package dds_compiler_v6_0_17.dds_compiler_v6_0_17_hdl_comps
Compiling package xbip_pipe_v3_0_5.xbip_pipe_v3_0_5_viv_comp
Compiling package axi_utils_v2_0_5.axi_utils_v2_0_5_pkg
Compiling package ieee.std_logic_unsigned
Compiling package dds_compiler_v6_0_17.pkg_betas
Compiling package dds_compiler_v6_0_17.pkg_alphas
Compiling module blk_mem_gen_v8_4_2.blk_mem_gen_v8_4_2_output_stage(...
Compiling module blk_mem_gen_v8_4_2.blk_mem_gen_v8_4_2_output_stage(...
Compiling module blk_mem_gen_v8_4_2.blk_mem_gen_v8_4_2_softecc_outpu...
Compiling module blk_mem_gen_v8_4_2.blk_mem_gen_v8_4_2_mem_module(C_...
Compiling module blk_mem_gen_v8_4_2.blk_mem_gen_v8_4_2(C_FAMILY="art...
Compiling module xil_defaultlib.ROM
Compiling architecture xilinx of entity axi_utils_v2_0_5.glb_srl_fifo [\glb_srl_fifo(width=8,has_ifx=tr...]
Compiling architecture xilinx of entity axi_utils_v2_0_5.glb_ifx_slave [\glb_ifx_slave(has_ifx=true)\]
Compiling architecture synth of entity fir_compiler_v7_2_11.delay [\delay(c_delay_len=0,c_xdevicefa...]
Compiling architecture synth of entity fir_compiler_v7_2_11.delay [\delay(c_delay_len=1,c_xdevicefa...]
Compiling architecture synth of entity fir_compiler_v7_2_11.delay [\delay(c_delay_len=3,c_xdevicefa...]
Compiling architecture synth of entity fir_compiler_v7_2_11.delay [\delay(c_delay_len=2,c_xdevicefa...]
Compiling architecture synth of entity fir_compiler_v7_2_11.cntrl_delay [\cntrl_delay(c_delay_len=0,c_mem...]
Compiling architecture synth of entity fir_compiler_v7_2_11.sp_mem [\sp_mem(c_xdevicefamily="artix7"...]
Compiling architecture synth of entity fir_compiler_v7_2_11.filt_mem [\filt_mem(c_xdevicefamily="artix...]
Compiling architecture synth of entity fir_compiler_v7_2_11.filt_mem [\filt_mem(c_xdevicefamily="artix...]
Compiling architecture synth of entity fir_compiler_v7_2_11.filt_mem [\filt_mem(c_xdevicefamily="artix...]
Compiling architecture synth of entity fir_compiler_v7_2_11.filt_mem [\filt_mem(c_xdevicefamily="artix...]
Compiling architecture synth of entity fir_compiler_v7_2_11.sp_mem [\sp_mem(c_xdevicefamily="artix7"...]
Compiling architecture synth of entity fir_compiler_v7_2_11.sp_mem [\sp_mem(c_xdevicefamily="artix7"...]
Compiling architecture synth of entity fir_compiler_v7_2_11.filt_mem [\filt_mem(c_xdevicefamily="artix...]
Compiling architecture synth of entity fir_compiler_v7_2_11.sp_mem [\sp_mem(c_xdevicefamily="artix7"...]
Compiling architecture synth of entity fir_compiler_v7_2_11.sp_mem [\sp_mem(c_xdevicefamily="artix7"...]
Compiling architecture synth of entity fir_compiler_v7_2_11.filt_mem [\filt_mem(c_xdevicefamily="artix...]
Compiling architecture synth of entity fir_compiler_v7_2_11.cntrl_delay [\cntrl_delay(c_delay_len=0,c_mem...]
Compiling architecture synth of entity fir_compiler_v7_2_11.buff [\buff(c_xdevicefamily="artix7",c...]
Compiling architecture synth of entity fir_compiler_v7_2_11.delay [\delay(c_delay_len=1,c_xdevicefa...]
Compiling architecture synth of entity fir_compiler_v7_2_11.buff [\buff(c_xdevicefamily="artix7",c...]
Compiling architecture synth of entity fir_compiler_v7_2_11.delay [\delay(c_delay_len=2,c_xdevicefa...]
Compiling architecture synth of entity fir_compiler_v7_2_11.buff [\buff(c_xdevicefamily="artix7",c...]
Compiling architecture synth of entity fir_compiler_v7_2_11.delay [\delay(c_delay_len=0,c_xdevicefa...]
Compiling architecture synth of entity fir_compiler_v7_2_11.delay [\delay(c_delay_len=0,c_xdevicefa...]
Compiling architecture synth of entity fir_compiler_v7_2_11.delay [\delay(c_delay_len=0,c_xdevicefa...]
Compiling architecture synth of entity fir_compiler_v7_2_11.delay [\delay(c_delay_len=0,c_xdevicefa...]
Compiling architecture dsp48e1_v of entity unisim.DSP48E1 [\DSP48E1(mask="11111111111111111...]
Compiling architecture synth of entity fir_compiler_v7_2_11.calc [\calc(c_xdevicefamily="artix7",c...]
WARNING: [VRFC 10-516] comparison between unequal length arrays always returns FALSE [/wrk/2018.3/nightly/2018_12_06_2405991/packages/customer/vivado/data/ip/xilinx/xbip_utils_v3_0/hdl/xbip_utils_v3_0_vh_rfs.vhd:2056]
WARNING: [VRFC 10-516] comparison between unequal length arrays always returns FALSE [/wrk/2018.3/nightly/2018_12_06_2405991/packages/customer/vivado/data/ip/xilinx/xbip_utils_v3_0/hdl/xbip_utils_v3_0_vh_rfs.vhd:2057]
WARNING: [VRFC 10-516] comparison between unequal length arrays always returns FALSE [/wrk/2018.3/nightly/2018_12_06_2405991/packages/customer/vivado/data/ip/xilinx/xbip_utils_v3_0/hdl/xbip_utils_v3_0_vh_rfs.vhd:2058]
WARNING: [VRFC 10-516] comparison between unequal length arrays always returns FALSE [/wrk/2018.3/nightly/2018_12_06_2405991/packages/customer/vivado/data/ip/xilinx/xbip_utils_v3_0/hdl/xbip_utils_v3_0_vh_rfs.vhd:2059]
WARNING: [VRFC 10-516] comparison between unequal length arrays always returns FALSE [/wrk/2018.3/nightly/2018_12_06_2405991/packages/customer/vivado/data/ip/xilinx/xbip_utils_v3_0/hdl/xbip_utils_v3_0_vh_rfs.vhd:2045]
WARNING: [VRFC 10-516] comparison between unequal length arrays always returns FALSE [/wrk/2018.3/nightly/2018_12_06_2405991/packages/customer/vivado/data/ip/xilinx/xbip_utils_v3_0/hdl/xbip_utils_v3_0_vh_rfs.vhd:2046]
WARNING: [VRFC 10-516] comparison between unequal length arrays always returns FALSE [/wrk/2018.3/nightly/2018_12_06_2405991/packages/customer/vivado/data/ip/xilinx/xbip_utils_v3_0/hdl/xbip_utils_v3_0_vh_rfs.vhd:2047]
WARNING: [VRFC 10-516] comparison between unequal length arrays always returns FALSE [/wrk/2018.3/nightly/2018_12_06_2405991/packages/customer/vivado/data/ip/xilinx/xbip_utils_v3_0/hdl/xbip_utils_v3_0_vh_rfs.vhd:2048]
WARNING: [VRFC 10-516] comparison between unequal length arrays always returns FALSE [/wrk/2018.3/nightly/2018_12_06_2405991/packages/customer/vivado/data/ip/xilinx/xbip_utils_v3_0/hdl/xbip_utils_v3_0_vh_rfs.vhd:2049]
Compiling architecture synth of entity fir_compiler_v7_2_11.addsub_mult_add [\addsub_mult_add(c_xdevicefamily...]
WARNING: [VRFC 10-516] comparison between unequal length arrays always returns FALSE [/wrk/2018.3/nightly/2018_12_06_2405991/packages/customer/vivado/data/ip/xilinx/xbip_utils_v3_0/hdl/xbip_utils_v3_0_vh_rfs.vhd:2056]
WARNING: [VRFC 10-516] comparison between unequal length arrays always returns FALSE [/wrk/2018.3/nightly/2018_12_06_2405991/packages/customer/vivado/data/ip/xilinx/xbip_utils_v3_0/hdl/xbip_utils_v3_0_vh_rfs.vhd:2057]
WARNING: [VRFC 10-516] comparison between unequal length arrays always returns FALSE [/wrk/2018.3/nightly/2018_12_06_2405991/packages/customer/vivado/data/ip/xilinx/xbip_utils_v3_0/hdl/xbip_utils_v3_0_vh_rfs.vhd:2058]
WARNING: [VRFC 10-516] comparison between unequal length arrays always returns FALSE [/wrk/2018.3/nightly/2018_12_06_2405991/packages/customer/vivado/data/ip/xilinx/xbip_utils_v3_0/hdl/xbip_utils_v3_0_vh_rfs.vhd:2059]
WARNING: [VRFC 10-516] comparison between unequal length arrays always returns FALSE [/wrk/2018.3/nightly/2018_12_06_2405991/packages/customer/vivado/data/ip/xilinx/xbip_utils_v3_0/hdl/xbip_utils_v3_0_vh_rfs.vhd:2045]
WARNING: [VRFC 10-516] comparison between unequal length arrays always returns FALSE [/wrk/2018.3/nightly/2018_12_06_2405991/packages/customer/vivado/data/ip/xilinx/xbip_utils_v3_0/hdl/xbip_utils_v3_0_vh_rfs.vhd:2046]
WARNING: [VRFC 10-516] comparison between unequal length arrays always returns FALSE [/wrk/2018.3/nightly/2018_12_06_2405991/packages/customer/vivado/data/ip/xilinx/xbip_utils_v3_0/hdl/xbip_utils_v3_0_vh_rfs.vhd:2047]
WARNING: [VRFC 10-516] comparison between unequal length arrays always returns FALSE [/wrk/2018.3/nightly/2018_12_06_2405991/packages/customer/vivado/data/ip/xilinx/xbip_utils_v3_0/hdl/xbip_utils_v3_0_vh_rfs.vhd:2048]
WARNING: [VRFC 10-516] comparison between unequal length arrays always returns FALSE [/wrk/2018.3/nightly/2018_12_06_2405991/packages/customer/vivado/data/ip/xilinx/xbip_utils_v3_0/hdl/xbip_utils_v3_0_vh_rfs.vhd:2049]
Compiling architecture synth of entity fir_compiler_v7_2_11.addsub_mult_add [\addsub_mult_add(c_xdevicefamily...]
WARNING: [VRFC 10-516] comparison between unequal length arrays always returns FALSE [/wrk/2018.3/nightly/2018_12_06_2405991/packages/customer/vivado/data/ip/xilinx/xbip_utils_v3_0/hdl/xbip_utils_v3_0_vh_rfs.vhd:2056]
WARNING: [VRFC 10-516] comparison between unequal length arrays always returns FALSE [/wrk/2018.3/nightly/2018_12_06_2405991/packages/customer/vivado/data/ip/xilinx/xbip_utils_v3_0/hdl/xbip_utils_v3_0_vh_rfs.vhd:2057]
WARNING: [VRFC 10-516] comparison between unequal length arrays always returns FALSE [/wrk/2018.3/nightly/2018_12_06_2405991/packages/customer/vivado/data/ip/xilinx/xbip_utils_v3_0/hdl/xbip_utils_v3_0_vh_rfs.vhd:2058]
WARNING: [VRFC 10-516] comparison between unequal length arrays always returns FALSE [/wrk/2018.3/nightly/2018_12_06_2405991/packages/customer/vivado/data/ip/xilinx/xbip_utils_v3_0/hdl/xbip_utils_v3_0_vh_rfs.vhd:2059]
WARNING: [VRFC 10-516] comparison between unequal length arrays always returns FALSE [/wrk/2018.3/nightly/2018_12_06_2405991/packages/customer/vivado/data/ip/xilinx/xbip_utils_v3_0/hdl/xbip_utils_v3_0_vh_rfs.vhd:2045]
WARNING: [VRFC 10-516] comparison between unequal length arrays always returns FALSE [/wrk/2018.3/nightly/2018_12_06_2405991/packages/customer/vivado/data/ip/xilinx/xbip_utils_v3_0/hdl/xbip_utils_v3_0_vh_rfs.vhd:2046]
WARNING: [VRFC 10-516] comparison between unequal length arrays always returns FALSE [/wrk/2018.3/nightly/2018_12_06_2405991/packages/customer/vivado/data/ip/xilinx/xbip_utils_v3_0/hdl/xbip_utils_v3_0_vh_rfs.vhd:2047]
WARNING: [VRFC 10-516] comparison between unequal length arrays always returns FALSE [/wrk/2018.3/nightly/2018_12_06_2405991/packages/customer/vivado/data/ip/xilinx/xbip_utils_v3_0/hdl/xbip_utils_v3_0_vh_rfs.vhd:2048]
WARNING: [VRFC 10-516] comparison between unequal length arrays always returns FALSE [/wrk/2018.3/nightly/2018_12_06_2405991/packages/customer/vivado/data/ip/xilinx/xbip_utils_v3_0/hdl/xbip_utils_v3_0_vh_rfs.vhd:2049]
Compiling architecture synth of entity fir_compiler_v7_2_11.delay [\delay(c_delay_len=0,c_xdevicefa...]
Compiling architecture synth of entity fir_compiler_v7_2_11.delay [\delay(c_delay_len=0,c_xdevicefa...]
Compiling architecture dsp48e1_v of entity unisim.DSP48E1 [\DSP48E1(inmodereg=0,mask="11111...]
Compiling architecture synth of entity fir_compiler_v7_2_11.delay [\delay(c_delay_len=0,c_xdevicefa...]
Compiling architecture synth of entity fir_compiler_v7_2_11.calc [\calc(c_xdevicefamily="artix7",c...]
Compiling architecture synth of entity fir_compiler_v7_2_11.add_accum [\add_accum(c_xdevicefamily="arti...]
Compiling architecture synth of entity fir_compiler_v7_2_11.delay [\delay(c_delay_len=0,c_xdevicefa...]
Compiling architecture synth of entity fir_compiler_v7_2_11.delay [\delay(c_delay_len=0,c_xdevicefa...]
Compiling architecture synth of entity fir_compiler_v7_2_11.delay [\delay(c_delay_len=2,c_xdevicefa...]
Compiling architecture synth of entity fir_compiler_v7_2_11.delay [\delay(c_delay_len=0,c_xdevicefa...]
Compiling architecture synth of entity fir_compiler_v7_2_11.delay [\delay(c_delay_len=0,c_xdevicefa...]
Compiling architecture synth of entity fir_compiler_v7_2_11.delay [\delay(c_delay_len=7,c_xdevicefa...]
Compiling architecture synth of entity fir_compiler_v7_2_11.delay [\delay(c_delay_len=10,c_xdevicef...]
Compiling architecture synth of entity fir_compiler_v7_2_11.single_rate [\single_rate(c_xdevicefamily="ar...]
Compiling architecture synth of entity fir_compiler_v7_2_11.fir_compiler_v7_2_11_viv [\fir_compiler_v7_2_11_viv(c_xdev...]
Compiling architecture xilinx of entity fir_compiler_v7_2_11.fir_compiler_v7_2_11 [\fir_compiler_v7_2_11(c_xdevicef...]
Compiling architecture fir_arch of entity xil_defaultlib.fir [fir_default]
Compiling architecture synth of entity xbip_pipe_v3_0_5.xbip_pipe_v3_0_5_viv [\xbip_pipe_v3_0_5_viv(c_latency=...]
Compiling architecture synth of entity xbip_pipe_v3_0_5.xbip_pipe_v3_0_5_viv [\xbip_pipe_v3_0_5_viv(c_latency=...]
Compiling architecture synth of entity dds_compiler_v6_0_17.dds_compiler_v6_0_17_rdy [\dds_compiler_v6_0_17_rdy(c_has_...]
Compiling architecture synth of entity xbip_pipe_v3_0_5.xbip_pipe_v3_0_5_viv [\xbip_pipe_v3_0_5_viv(c_has_ce=1...]
Compiling architecture synth of entity xbip_pipe_v3_0_5.xbip_pipe_v3_0_5_viv [\xbip_pipe_v3_0_5_viv(c_has_ce=1...]
Compiling architecture synth of entity xbip_pipe_v3_0_5.xbip_pipe_v3_0_5_viv [\xbip_pipe_v3_0_5_viv(c_has_ce=1...]
Compiling architecture synth of entity xbip_pipe_v3_0_5.xbip_pipe_v3_0_5_viv [\xbip_pipe_v3_0_5_viv(c_latency=...]
Compiling architecture synth of entity dds_compiler_v6_0_17.pipe_add [\pipe_add(c_width=27,c_seg_width...]
Compiling architecture synth of entity dds_compiler_v6_0_17.accum [\accum(c_xdevicefamily="artix7",...]
Compiling architecture synth of entity xbip_pipe_v3_0_5.xbip_pipe_v3_0_5_viv [\xbip_pipe_v3_0_5_viv(c_latency=...]
Compiling architecture synth of entity xbip_pipe_v3_0_5.xbip_pipe_v3_0_5_viv [\xbip_pipe_v3_0_5_viv(c_latency=...]
Compiling architecture synth of entity xbip_pipe_v3_0_5.xbip_pipe_v3_0_5_viv [\xbip_pipe_v3_0_5_viv(c_latency=...]
Compiling architecture synth of entity xbip_pipe_v3_0_5.xbip_pipe_v3_0_5_viv [\xbip_pipe_v3_0_5_viv(c_latency=...]
Compiling architecture synth of entity xbip_pipe_v3_0_5.xbip_pipe_v3_0_5_viv [\xbip_pipe_v3_0_5_viv(c_latency=...]
Compiling architecture synth of entity dds_compiler_v6_0_17.sin_cos [\sin_cos(c_xdevicefamily="artix7...]
Compiling architecture synth of entity xbip_pipe_v3_0_5.xbip_pipe_v3_0_5_viv [\xbip_pipe_v3_0_5_viv(c_has_ce=1...]
Compiling architecture synth of entity xbip_pipe_v3_0_5.xbip_pipe_v3_0_5_viv [\xbip_pipe_v3_0_5_viv(c_has_ce=1...]
Compiling architecture synth of entity dds_compiler_v6_0_17.dds_compiler_v6_0_17_core [\dds_compiler_v6_0_17_core(c_xde...]
Compiling architecture synth of entity dds_compiler_v6_0_17.dds_compiler_v6_0_17_viv [\dds_compiler_v6_0_17_viv(c_xdev...]
Compiling architecture xilinx of entity dds_compiler_v6_0_17.dds_compiler_v6_0_17 [\dds_compiler_v6_0_17(c_xdevicef...]
Compiling architecture dds_arch of entity xil_defaultlib.dds [dds_default]
Compiling module xil_defaultlib.top_2ask_transmitter_default
Compiling module xil_defaultlib.tb_2ask_transmitter
Compiling module xil_defaultlib.glbl
Built simulation snapshot tb_2ask_transmitter_behav
