#-----------------------------------------------------------
# Vivado v2018.3 (64-bit)
# SW Build 2405991 on Thu Dec  6 23:38:27 MST 2018
# IP Build 2404404 on Fri Dec  7 01:43:56 MST 2018
# Start of session at: Wed Jun 25 22:08:29 2025
# Process ID: 52260
# Current directory: D:/Desktop/2ASK_FPGA/2ASK-bandpass-system-transmitter/fpga_project/ASK
# Command line: vivado.exe -gui_launcher_event rodinguilauncherevent43380 D:\Desktop\2ASK_FPGA\2ASK-bandpass-system-transmitter\fpga_project\ASK\ASK.xpr
# Log file: D:/Desktop/2ASK_FPGA/2ASK-bandpass-system-transmitter/fpga_project/ASK/vivado.log
# Journal file: D:/Desktop/2ASK_FPGA/2ASK-bandpass-system-transmitter/fpga_project/ASK\vivado.jou
#-----------------------------------------------------------
start_gui
open_project D:/Desktop/2ASK_FPGA/2ASK-bandpass-system-transmitter/fpga_project/ASK/ASK.xpr
Scanning sources...
Finished scanning sources
INFO: [IP_Flow 19-234] Refreshing IP repositories
INFO: [IP_Flow 19-1704] No user IP repositories specified
INFO: [IP_Flow 19-2313] Loaded Vivado IP repository 'D:/Xilinx/Vivado/2018.3/data/ip'.
open_project: Time (s): cpu = 00:00:10 ; elapsed = 00:00:05 . Memory (MB): peak = 776.246 ; gain = 173.176
update_compile_order -fileset sources_1
WARNING: [filemgmt 56-199] Attempt to get parsing info during refresh. "On-the-fly" syntax checking information may be incorrect. [D:/Desktop/2ASK_FPGA/2ASK-bandpass-system-transmitter/fpga_project/ASK/ASK.srcs/sources_1/new/dac_controller.v:]
WARNING: [filemgmt 56-199] Attempt to get parsing info during refresh. "On-the-fly" syntax checking information may be incorrect. [D:/Desktop/2ASK_FPGA/2ASK-bandpass-system-transmitter/fpga_project/ASK/ASK.srcs/sources_1/new/top_2ask_transmitter.v:]
ERROR: [Common 17-180] Spawn failed: No error
reset_run ROM_synth_1
reset_run fir_synth_1
reset_run synth_1
launch_runs synth_1 -jobs 16
INFO: [IP_Flow 19-1686] Generating 'Synthesis' target for IP 'ROM'...
INFO: [IP_Flow 19-1686] Generating 'Synthesis' target for IP 'fir'...
[Wed Jun 25 22:14:39 2025] Launched ROM_synth_1, fir_synth_1...
Run output will be captured here:
ROM_synth_1: D:/Desktop/2ASK_FPGA/2ASK-bandpass-system-transmitter/fpga_project/ASK/ASK.runs/ROM_synth_1/runme.log
fir_synth_1: D:/Desktop/2ASK_FPGA/2ASK-bandpass-system-transmitter/fpga_project/ASK/ASK.runs/fir_synth_1/runme.log
[Wed Jun 25 22:14:39 2025] Launched synth_1...
Run output will be captured here: D:/Desktop/2ASK_FPGA/2ASK-bandpass-system-transmitter/fpga_project/ASK/ASK.runs/synth_1/runme.log
launch_runs: Time (s): cpu = 00:00:25 ; elapsed = 00:00:28 . Memory (MB): peak = 945.633 ; gain = 54.359
generate_target Simulation [get_files D:/Desktop/2ASK_FPGA/2ASK-bandpass-system-transmitter/fpga_project/ASK/ASK.srcs/sources_1/ip/fir/fir.xci]
INFO: [IP_Flow 19-1686] Generating 'Simulation' target for IP 'fir'...
export_ip_user_files -of_objects [get_files D:/Desktop/2ASK_FPGA/2ASK-bandpass-system-transmitter/fpga_project/ASK/ASK.srcs/sources_1/ip/fir/fir.xci] -no_script -sync -force -quiet
export_simulation -of_objects [get_files D:/Desktop/2ASK_FPGA/2ASK-bandpass-system-transmitter/fpga_project/ASK/ASK.srcs/sources_1/ip/fir/fir.xci] -directory D:/Desktop/2ASK_FPGA/2ASK-bandpass-system-transmitter/fpga_project/ASK/ASK.ip_user_files/sim_scripts -ip_user_files_dir D:/Desktop/2ASK_FPGA/2ASK-bandpass-system-transmitter/fpga_project/ASK/ASK.ip_user_files -ipstatic_source_dir D:/Desktop/2ASK_FPGA/2ASK-bandpass-system-transmitter/fpga_project/ASK/ASK.ip_user_files/ipstatic -lib_map_path [list {modelsim=D:/Desktop/2ASK_FPGA/2ASK-bandpass-system-transmitter/fpga_project/ASK/ASK.cache/compile_simlib/modelsim} {questa=D:/Desktop/2ASK_FPGA/2ASK-bandpass-system-transmitter/fpga_project/ASK/ASK.cache/compile_simlib/questa} {riviera=D:/Desktop/2ASK_FPGA/2ASK-bandpass-system-transmitter/fpga_project/ASK/ASK.cache/compile_simlib/riviera} {activehdl=D:/Desktop/2ASK_FPGA/2ASK-bandpass-system-transmitter/fpga_project/ASK/ASK.cache/compile_simlib/activehdl}] -use_ip_compiled_libs -force -quiet
generate_target Simulation [get_files D:/Desktop/2ASK_FPGA/2ASK-bandpass-system-transmitter/fpga_project/ASK/ASK.srcs/sources_1/ip/ROM/ROM.xci]
INFO: [IP_Flow 19-1686] Generating 'Simulation' target for IP 'ROM'...
generate_target: Time (s): cpu = 00:00:22 ; elapsed = 00:00:25 . Memory (MB): peak = 982.961 ; gain = 14.504
export_ip_user_files -of_objects [get_files D:/Desktop/2ASK_FPGA/2ASK-bandpass-system-transmitter/fpga_project/ASK/ASK.srcs/sources_1/ip/ROM/ROM.xci] -no_script -sync -force -quiet
export_simulation -of_objects [get_files D:/Desktop/2ASK_FPGA/2ASK-bandpass-system-transmitter/fpga_project/ASK/ASK.srcs/sources_1/ip/ROM/ROM.xci] -directory D:/Desktop/2ASK_FPGA/2ASK-bandpass-system-transmitter/fpga_project/ASK/ASK.ip_user_files/sim_scripts -ip_user_files_dir D:/Desktop/2ASK_FPGA/2ASK-bandpass-system-transmitter/fpga_project/ASK/ASK.ip_user_files -ipstatic_source_dir D:/Desktop/2ASK_FPGA/2ASK-bandpass-system-transmitter/fpga_project/ASK/ASK.ip_user_files/ipstatic -lib_map_path [list {modelsim=D:/Desktop/2ASK_FPGA/2ASK-bandpass-system-transmitter/fpga_project/ASK/ASK.cache/compile_simlib/modelsim} {questa=D:/Desktop/2ASK_FPGA/2ASK-bandpass-system-transmitter/fpga_project/ASK/ASK.cache/compile_simlib/questa} {riviera=D:/Desktop/2ASK_FPGA/2ASK-bandpass-system-transmitter/fpga_project/ASK/ASK.cache/compile_simlib/riviera} {activehdl=D:/Desktop/2ASK_FPGA/2ASK-bandpass-system-transmitter/fpga_project/ASK/ASK.cache/compile_simlib/activehdl}] -use_ip_compiled_libs -force -quiet
launch_simulation
INFO: [Vivado 12-5698] Checking validity of IPs in the design for the 'XSim' simulator...
INFO: [Vivado 12-5682] Launching behavioral simulation in 'D:/Desktop/2ASK_FPGA/2ASK-bandpass-system-transmitter/fpga_project/ASK/ASK.sim/sim_1/behav/xsim'
INFO: [Vivado 12-4795] Using compiled simulation libraries for IPs
INFO: [SIM-utils-51] Simulation object is 'sim_1'
INFO: [USF-XSim-7] Finding pre-compiled libraries...
INFO: [USF-XSim-11] File 'D:/Xilinx/Vivado/2018.3/data/xsim/xsim.ini' copied to run dir:'D:/Desktop/2ASK_FPGA/2ASK-bandpass-system-transmitter/fpga_project/ASK/ASK.sim/sim_1/behav/xsim'
INFO: [SIM-utils-54] Inspecting design source files for 'tb_2ask_transmitter' in fileset 'sim_1'...
INFO: [SIM-utils-43] Exported 'D:/Desktop/2ASK_FPGA/2ASK-bandpass-system-transmitter/fpga_project/ASK/ASK.sim/sim_1/behav/xsim/ROM.mif'
INFO: [SIM-utils-43] Exported 'D:/Desktop/2ASK_FPGA/2ASK-bandpass-system-transmitter/fpga_project/ASK/ASK.sim/sim_1/behav/xsim/scrambled_data_1bit.coe'
INFO: [SIM-utils-43] Exported 'D:/Desktop/2ASK_FPGA/2ASK-bandpass-system-transmitter/fpga_project/ASK/ASK.sim/sim_1/behav/xsim/fir.mif'
INFO: [SIM-utils-43] Exported 'D:/Desktop/2ASK_FPGA/2ASK-bandpass-system-transmitter/fpga_project/ASK/ASK.sim/sim_1/behav/xsim/FIR.coe'
INFO: [USF-XSim-97] Finding global include files...
INFO: [USF-XSim-98] Fetching design files from 'sim_1'...
INFO: [USF-XSim-2] XSim::Compile design
INFO: [USF-XSim-61] Executing 'COMPILE and ANALYZE' step in 'D:/Desktop/2ASK_FPGA/2ASK-bandpass-system-transmitter/fpga_project/ASK/ASK.sim/sim_1/behav/xsim'
"xvlog --incr --relax -prj tb_2ask_transmitter_vlog.prj"
INFO: [VRFC 10-2263] Analyzing Verilog file "D:/Desktop/2ASK_FPGA/2ASK-bandpass-system-transmitter/fpga_project/ASK/ASK.srcs/sources_1/ip/ROM/sim/ROM.v" into library xil_defaultlib
INFO: [VRFC 10-311] analyzing module ROM
INFO: [VRFC 10-2263] Analyzing Verilog file "D:/Desktop/2ASK_FPGA/2ASK-bandpass-system-transmitter/fpga_project/ASK/ASK.srcs/sources_1/new/dac_controller.v" into library xil_defaultlib
INFO: [VRFC 10-311] analyzing module dac_controller
INFO: [VRFC 10-2263] Analyzing Verilog file "D:/Desktop/2ASK_FPGA/2ASK-bandpass-system-transmitter/fpga_project/ASK/ASK.srcs/sources_1/new/top_2ask_transmitter.v" into library xil_defaultlib
INFO: [VRFC 10-311] analyzing module top_2ask_transmitter
INFO: [VRFC 10-2263] Analyzing Verilog file "D:/Desktop/2ASK_FPGA/2ASK-bandpass-system-transmitter/fpga_project/ASK/ASK.srcs/sim_1/new/tb_2ask_transmitter.v" into library xil_defaultlib
INFO: [VRFC 10-311] analyzing module tb_2ask_transmitter
INFO: [VRFC 10-2263] Analyzing Verilog file "D:/Desktop/2ASK_FPGA/2ASK-bandpass-system-transmitter/fpga_project/ASK/ASK.sim/sim_1/behav/xsim/glbl.v" into library xil_defaultlib
INFO: [VRFC 10-311] analyzing module glbl
"xvhdl --incr --relax -prj tb_2ask_transmitter_vhdl.prj"
INFO: [VRFC 10-163] Analyzing VHDL file "D:/Desktop/2ASK_FPGA/2ASK-bandpass-system-transmitter/fpga_project/ASK/ASK.srcs/sources_1/ip/dds/sim/dds.vhd" into library xil_defaultlib
INFO: [VRFC 10-3107] analyzing entity 'dds'
INFO: [VRFC 10-163] Analyzing VHDL file "D:/Desktop/2ASK_FPGA/2ASK-bandpass-system-transmitter/fpga_project/ASK/ASK.srcs/sources_1/ip/fir/sim/fir.vhd" into library xil_defaultlib
INFO: [VRFC 10-3107] analyzing entity 'fir'
INFO: [USF-XSim-69] 'compile' step finished in '4' seconds
INFO: [USF-XSim-3] XSim::Elaborate design
INFO: [USF-XSim-61] Executing 'ELABORATE' step in 'D:/Desktop/2ASK_FPGA/2ASK-bandpass-system-transmitter/fpga_project/ASK/ASK.sim/sim_1/behav/xsim'
Vivado Simulator 2018.3
Copyright 1986-1999, 2001-2018 Xilinx, Inc. All Rights Reserved.
Running: D:/Xilinx/Vivado/2018.3/bin/unwrapped/win64.o/xelab.exe -wto a1845c764a1847ad96e089803310f14b --incr --debug typical --relax --mt 2 -L xbip_utils_v3_0_9 -L axi_utils_v2_0_5 -L xbip_pipe_v3_0_5 -L xbip_bram18k_v3_0_5 -L mult_gen_v12_0_14 -L xbip_dsp48_wrapper_v3_0_4 -L xbip_dsp48_addsub_v3_0_5 -L xbip_dsp48_multadd_v3_0_5 -L dds_compiler_v6_0_17 -L xil_defaultlib -L fir_compiler_v7_2_11 -L blk_mem_gen_v8_4_2 -L unisims_ver -L unimacro_ver -L secureip -L xpm --snapshot tb_2ask_transmitter_behav xil_defaultlib.tb_2ask_transmitter xil_defaultlib.glbl -log elaborate.log 
Using 2 slave threads.
Starting static elaboration
WARNING: [VRFC 10-516] comparison between unequal length arrays always returns FALSE [/wrk/2018.3/nightly/2018_12_06_2405991/packages/customer/vivado/data/ip/xilinx/xbip_utils_v3_0/hdl/xbip_utils_v3_0_vh_rfs.vhd:2056]
WARNING: [VRFC 10-516] comparison between unequal length arrays always returns FALSE [/wrk/2018.3/nightly/2018_12_06_2405991/packages/customer/vivado/data/ip/xilinx/xbip_utils_v3_0/hdl/xbip_utils_v3_0_vh_rfs.vhd:2057]
WARNING: [VRFC 10-516] comparison between unequal length arrays always returns FALSE [/wrk/2018.3/nightly/2018_12_06_2405991/packages/customer/vivado/data/ip/xilinx/xbip_utils_v3_0/hdl/xbip_utils_v3_0_vh_rfs.vhd:2058]
WARNING: [VRFC 10-516] comparison between unequal length arrays always returns FALSE [/wrk/2018.3/nightly/2018_12_06_2405991/packages/customer/vivado/data/ip/xilinx/xbip_utils_v3_0/hdl/xbip_utils_v3_0_vh_rfs.vhd:2059]
WARNING: [VRFC 10-516] comparison between unequal length arrays always returns FALSE [/wrk/2018.3/nightly/2018_12_06_2405991/packages/customer/vivado/data/ip/xilinx/xbip_utils_v3_0/hdl/xbip_utils_v3_0_vh_rfs.vhd:2045]
WARNING: [VRFC 10-516] comparison between unequal length arrays always returns FALSE [/wrk/2018.3/nightly/2018_12_06_2405991/packages/customer/vivado/data/ip/xilinx/xbip_utils_v3_0/hdl/xbip_utils_v3_0_vh_rfs.vhd:2046]
WARNING: [VRFC 10-516] comparison between unequal length arrays always returns FALSE [/wrk/2018.3/nightly/2018_12_06_2405991/packages/customer/vivado/data/ip/xilinx/xbip_utils_v3_0/hdl/xbip_utils_v3_0_vh_rfs.vhd:2047]
WARNING: [VRFC 10-516] comparison between unequal length arrays always returns FALSE [/wrk/2018.3/nightly/2018_12_06_2405991/packages/customer/vivado/data/ip/xilinx/xbip_utils_v3_0/hdl/xbip_utils_v3_0_vh_rfs.vhd:2048]
WARNING: [VRFC 10-516] comparison between unequal length arrays always returns FALSE [/wrk/2018.3/nightly/2018_12_06_2405991/packages/customer/vivado/data/ip/xilinx/xbip_utils_v3_0/hdl/xbip_utils_v3_0_vh_rfs.vhd:2049]
WARNING: [VRFC 10-516] comparison between unequal length arrays always returns FALSE [/wrk/2018.3/nightly/2018_12_06_2405991/packages/customer/vivado/data/ip/xilinx/xbip_utils_v3_0/hdl/xbip_utils_v3_0_vh_rfs.vhd:2056]
WARNING: [VRFC 10-516] comparison between unequal length arrays always returns FALSE [/wrk/2018.3/nightly/2018_12_06_2405991/packages/customer/vivado/data/ip/xilinx/xbip_utils_v3_0/hdl/xbip_utils_v3_0_vh_rfs.vhd:2057]
WARNING: [VRFC 10-516] comparison between unequal length arrays always returns FALSE [/wrk/2018.3/nightly/2018_12_06_2405991/packages/customer/vivado/data/ip/xilinx/xbip_utils_v3_0/hdl/xbip_utils_v3_0_vh_rfs.vhd:2058]
WARNING: [VRFC 10-516] comparison between unequal length arrays always returns FALSE [/wrk/2018.3/nightly/2018_12_06_2405991/packages/customer/vivado/data/ip/xilinx/xbip_utils_v3_0/hdl/xbip_utils_v3_0_vh_rfs.vhd:2059]
WARNING: [VRFC 10-516] comparison between unequal length arrays always returns FALSE [/wrk/2018.3/nightly/2018_12_06_2405991/packages/customer/vivado/data/ip/xilinx/xbip_utils_v3_0/hdl/xbip_utils_v3_0_vh_rfs.vhd:2045]
WARNING: [VRFC 10-516] comparison between unequal length arrays always returns FALSE [/wrk/2018.3/nightly/2018_12_06_2405991/packages/customer/vivado/data/ip/xilinx/xbip_utils_v3_0/hdl/xbip_utils_v3_0_vh_rfs.vhd:2046]
WARNING: [VRFC 10-516] comparison between unequal length arrays always returns FALSE [/wrk/2018.3/nightly/2018_12_06_2405991/packages/customer/vivado/data/ip/xilinx/xbip_utils_v3_0/hdl/xbip_utils_v3_0_vh_rfs.vhd:2047]
WARNING: [VRFC 10-516] comparison between unequal length arrays always returns FALSE [/wrk/2018.3/nightly/2018_12_06_2405991/packages/customer/vivado/data/ip/xilinx/xbip_utils_v3_0/hdl/xbip_utils_v3_0_vh_rfs.vhd:2048]
WARNING: [VRFC 10-516] comparison between unequal length arrays always returns FALSE [/wrk/2018.3/nightly/2018_12_06_2405991/packages/customer/vivado/data/ip/xilinx/xbip_utils_v3_0/hdl/xbip_utils_v3_0_vh_rfs.vhd:2049]
WARNING: [VRFC 10-516] comparison between unequal length arrays always returns FALSE [/wrk/2018.3/nightly/2018_12_06_2405991/packages/customer/vivado/data/ip/xilinx/xbip_utils_v3_0/hdl/xbip_utils_v3_0_vh_rfs.vhd:2056]
WARNING: [VRFC 10-516] comparison between unequal length arrays always returns FALSE [/wrk/2018.3/nightly/2018_12_06_2405991/packages/customer/vivado/data/ip/xilinx/xbip_utils_v3_0/hdl/xbip_utils_v3_0_vh_rfs.vhd:2057]
WARNING: [VRFC 10-516] comparison between unequal length arrays always returns FALSE [/wrk/2018.3/nightly/2018_12_06_2405991/packages/customer/vivado/data/ip/xilinx/xbip_utils_v3_0/hdl/xbip_utils_v3_0_vh_rfs.vhd:2058]
WARNING: [VRFC 10-516] comparison between unequal length arrays always returns FALSE [/wrk/2018.3/nightly/2018_12_06_2405991/packages/customer/vivado/data/ip/xilinx/xbip_utils_v3_0/hdl/xbip_utils_v3_0_vh_rfs.vhd:2059]
WARNING: [VRFC 10-516] comparison between unequal length arrays always returns FALSE [/wrk/2018.3/nightly/2018_12_06_2405991/packages/customer/vivado/data/ip/xilinx/xbip_utils_v3_0/hdl/xbip_utils_v3_0_vh_rfs.vhd:2045]
WARNING: [VRFC 10-516] comparison between unequal length arrays always returns FALSE [/wrk/2018.3/nightly/2018_12_06_2405991/packages/customer/vivado/data/ip/xilinx/xbip_utils_v3_0/hdl/xbip_utils_v3_0_vh_rfs.vhd:2046]
WARNING: [VRFC 10-516] comparison between unequal length arrays always returns FALSE [/wrk/2018.3/nightly/2018_12_06_2405991/packages/customer/vivado/data/ip/xilinx/xbip_utils_v3_0/hdl/xbip_utils_v3_0_vh_rfs.vhd:2047]
WARNING: [VRFC 10-516] comparison between unequal length arrays always returns FALSE [/wrk/2018.3/nightly/2018_12_06_2405991/packages/customer/vivado/data/ip/xilinx/xbip_utils_v3_0/hdl/xbip_utils_v3_0_vh_rfs.vhd:2048]
WARNING: [VRFC 10-516] comparison between unequal length arrays always returns FALSE [/wrk/2018.3/nightly/2018_12_06_2405991/packages/customer/vivado/data/ip/xilinx/xbip_utils_v3_0/hdl/xbip_utils_v3_0_vh_rfs.vhd:2049]
Completed static elaboration
Starting simulation data flow analysis
Completed simulation data flow analysis
Time Resolution for simulation is 1ps
Compiling package std.standard
Compiling package std.textio
Compiling package ieee.std_logic_1164
Compiling package ieee.numeric_std
Compiling package xbip_utils_v3_0_9.xbip_utils_v3_0_9_pkg
Compiling package fir_compiler_v7_2_11.fir_compiler_v7_2_11_viv_comp
Compiling package ieee.std_logic_textio
Compiling package fir_compiler_v7_2_11.globals_pkg
Compiling package fir_compiler_v7_2_11.components
Compiling package ieee.math_real
Compiling package axi_utils_v2_0_5.global_util_pkg
Compiling package axi_utils_v2_0_5.axi_utils_comps
Compiling package unisim.vcomponents
Compiling package ieee.std_logic_arith
Compiling package ieee.std_logic_signed
Compiling package ieee.vital_timing
Compiling package ieee.vital_primitives
Compiling package unisim.vpkg
Compiling package xbip_utils_v3_0_9.xcc_utils_v3_0
Compiling package dds_compiler_v6_0_17.dds_compiler_v6_0_17_viv_comp
Compiling package dds_compiler_v6_0_17.pkg_dds_compiler_v6_0_17
Compiling package dds_compiler_v6_0_17.dds_compiler_v6_0_17_hdl_comps
Compiling package xbip_pipe_v3_0_5.xbip_pipe_v3_0_5_viv_comp
Compiling package axi_utils_v2_0_5.axi_utils_v2_0_5_pkg
Compiling package ieee.std_logic_unsigned
Compiling package dds_compiler_v6_0_17.pkg_betas
Compiling package dds_compiler_v6_0_17.pkg_alphas
Compiling module blk_mem_gen_v8_4_2.blk_mem_gen_v8_4_2_output_stage(...
Compiling module blk_mem_gen_v8_4_2.blk_mem_gen_v8_4_2_output_stage(...
Compiling module blk_mem_gen_v8_4_2.blk_mem_gen_v8_4_2_softecc_outpu...
Compiling module blk_mem_gen_v8_4_2.blk_mem_gen_v8_4_2_mem_module(C_...
Compiling module blk_mem_gen_v8_4_2.blk_mem_gen_v8_4_2(C_FAMILY="art...
Compiling module xil_defaultlib.ROM
Compiling architecture xilinx of entity axi_utils_v2_0_5.glb_srl_fifo [\glb_srl_fifo(width=8,has_ifx=tr...]
Compiling architecture xilinx of entity axi_utils_v2_0_5.glb_ifx_slave [\glb_ifx_slave(has_ifx=true)\]
Compiling architecture synth of entity fir_compiler_v7_2_11.delay [\delay(c_delay_len=0,c_xdevicefa...]
Compiling architecture synth of entity fir_compiler_v7_2_11.delay [\delay(c_delay_len=1,c_xdevicefa...]
Compiling architecture synth of entity fir_compiler_v7_2_11.delay [\delay(c_delay_len=3,c_xdevicefa...]
Compiling architecture synth of entity fir_compiler_v7_2_11.delay [\delay(c_delay_len=2,c_xdevicefa...]
Compiling architecture synth of entity fir_compiler_v7_2_11.cntrl_delay [\cntrl_delay(c_delay_len=0,c_mem...]
Compiling architecture synth of entity fir_compiler_v7_2_11.sp_mem [\sp_mem(c_xdevicefamily="artix7"...]
Compiling architecture synth of entity fir_compiler_v7_2_11.filt_mem [\filt_mem(c_xdevicefamily="artix...]
Compiling architecture synth of entity fir_compiler_v7_2_11.filt_mem [\filt_mem(c_xdevicefamily="artix...]
Compiling architecture synth of entity fir_compiler_v7_2_11.filt_mem [\filt_mem(c_xdevicefamily="artix...]
Compiling architecture synth of entity fir_compiler_v7_2_11.filt_mem [\filt_mem(c_xdevicefamily="artix...]
Compiling architecture synth of entity fir_compiler_v7_2_11.sp_mem [\sp_mem(c_xdevicefamily="artix7"...]
Compiling architecture synth of entity fir_compiler_v7_2_11.sp_mem [\sp_mem(c_xdevicefamily="artix7"...]
Compiling architecture synth of entity fir_compiler_v7_2_11.filt_mem [\filt_mem(c_xdevicefamily="artix...]
Compiling architecture synth of entity fir_compiler_v7_2_11.sp_mem [\sp_mem(c_xdevicefamily="artix7"...]
Compiling architecture synth of entity fir_compiler_v7_2_11.sp_mem [\sp_mem(c_xdevicefamily="artix7"...]
Compiling architecture synth of entity fir_compiler_v7_2_11.filt_mem [\filt_mem(c_xdevicefamily="artix...]
Compiling architecture synth of entity fir_compiler_v7_2_11.cntrl_delay [\cntrl_delay(c_delay_len=0,c_mem...]
Compiling architecture synth of entity fir_compiler_v7_2_11.buff [\buff(c_xdevicefamily="artix7",c...]
Compiling architecture synth of entity fir_compiler_v7_2_11.delay [\delay(c_delay_len=1,c_xdevicefa...]
Compiling architecture synth of entity fir_compiler_v7_2_11.buff [\buff(c_xdevicefamily="artix7",c...]
Compiling architecture synth of entity fir_compiler_v7_2_11.delay [\delay(c_delay_len=2,c_xdevicefa...]
Compiling architecture synth of entity fir_compiler_v7_2_11.buff [\buff(c_xdevicefamily="artix7",c...]
Compiling architecture synth of entity fir_compiler_v7_2_11.delay [\delay(c_delay_len=0,c_xdevicefa...]
Compiling architecture synth of entity fir_compiler_v7_2_11.delay [\delay(c_delay_len=0,c_xdevicefa...]
Compiling architecture synth of entity fir_compiler_v7_2_11.delay [\delay(c_delay_len=0,c_xdevicefa...]
Compiling architecture synth of entity fir_compiler_v7_2_11.delay [\delay(c_delay_len=0,c_xdevicefa...]
Compiling architecture dsp48e1_v of entity unisim.DSP48E1 [\DSP48E1(mask="11111111111111111...]
Compiling architecture synth of entity fir_compiler_v7_2_11.calc [\calc(c_xdevicefamily="artix7",c...]
WARNING: [VRFC 10-516] comparison between unequal length arrays always returns FALSE [/wrk/2018.3/nightly/2018_12_06_2405991/packages/customer/vivado/data/ip/xilinx/xbip_utils_v3_0/hdl/xbip_utils_v3_0_vh_rfs.vhd:2056]
WARNING: [VRFC 10-516] comparison between unequal length arrays always returns FALSE [/wrk/2018.3/nightly/2018_12_06_2405991/packages/customer/vivado/data/ip/xilinx/xbip_utils_v3_0/hdl/xbip_utils_v3_0_vh_rfs.vhd:2057]
WARNING: [VRFC 10-516] comparison between unequal length arrays always returns FALSE [/wrk/2018.3/nightly/2018_12_06_2405991/packages/customer/vivado/data/ip/xilinx/xbip_utils_v3_0/hdl/xbip_utils_v3_0_vh_rfs.vhd:2058]
WARNING: [VRFC 10-516] comparison between unequal length arrays always returns FALSE [/wrk/2018.3/nightly/2018_12_06_2405991/packages/customer/vivado/data/ip/xilinx/xbip_utils_v3_0/hdl/xbip_utils_v3_0_vh_rfs.vhd:2059]
WARNING: [VRFC 10-516] comparison between unequal length arrays always returns FALSE [/wrk/2018.3/nightly/2018_12_06_2405991/packages/customer/vivado/data/ip/xilinx/xbip_utils_v3_0/hdl/xbip_utils_v3_0_vh_rfs.vhd:2045]
WARNING: [VRFC 10-516] comparison between unequal length arrays always returns FALSE [/wrk/2018.3/nightly/2018_12_06_2405991/packages/customer/vivado/data/ip/xilinx/xbip_utils_v3_0/hdl/xbip_utils_v3_0_vh_rfs.vhd:2046]
WARNING: [VRFC 10-516] comparison between unequal length arrays always returns FALSE [/wrk/2018.3/nightly/2018_12_06_2405991/packages/customer/vivado/data/ip/xilinx/xbip_utils_v3_0/hdl/xbip_utils_v3_0_vh_rfs.vhd:2047]
WARNING: [VRFC 10-516] comparison between unequal length arrays always returns FALSE [/wrk/2018.3/nightly/2018_12_06_2405991/packages/customer/vivado/data/ip/xilinx/xbip_utils_v3_0/hdl/xbip_utils_v3_0_vh_rfs.vhd:2048]
WARNING: [VRFC 10-516] comparison between unequal length arrays always returns FALSE [/wrk/2018.3/nightly/2018_12_06_2405991/packages/customer/vivado/data/ip/xilinx/xbip_utils_v3_0/hdl/xbip_utils_v3_0_vh_rfs.vhd:2049]
Compiling architecture synth of entity fir_compiler_v7_2_11.addsub_mult_add [\addsub_mult_add(c_xdevicefamily...]
WARNING: [VRFC 10-516] comparison between unequal length arrays always returns FALSE [/wrk/2018.3/nightly/2018_12_06_2405991/packages/customer/vivado/data/ip/xilinx/xbip_utils_v3_0/hdl/xbip_utils_v3_0_vh_rfs.vhd:2056]
WARNING: [VRFC 10-516] comparison between unequal length arrays always returns FALSE [/wrk/2018.3/nightly/2018_12_06_2405991/packages/customer/vivado/data/ip/xilinx/xbip_utils_v3_0/hdl/xbip_utils_v3_0_vh_rfs.vhd:2057]
WARNING: [VRFC 10-516] comparison between unequal length arrays always returns FALSE [/wrk/2018.3/nightly/2018_12_06_2405991/packages/customer/vivado/data/ip/xilinx/xbip_utils_v3_0/hdl/xbip_utils_v3_0_vh_rfs.vhd:2058]
WARNING: [VRFC 10-516] comparison between unequal length arrays always returns FALSE [/wrk/2018.3/nightly/2018_12_06_2405991/packages/customer/vivado/data/ip/xilinx/xbip_utils_v3_0/hdl/xbip_utils_v3_0_vh_rfs.vhd:2059]
WARNING: [VRFC 10-516] comparison between unequal length arrays always returns FALSE [/wrk/2018.3/nightly/2018_12_06_2405991/packages/customer/vivado/data/ip/xilinx/xbip_utils_v3_0/hdl/xbip_utils_v3_0_vh_rfs.vhd:2045]
WARNING: [VRFC 10-516] comparison between unequal length arrays always returns FALSE [/wrk/2018.3/nightly/2018_12_06_2405991/packages/customer/vivado/data/ip/xilinx/xbip_utils_v3_0/hdl/xbip_utils_v3_0_vh_rfs.vhd:2046]
WARNING: [VRFC 10-516] comparison between unequal length arrays always returns FALSE [/wrk/2018.3/nightly/2018_12_06_2405991/packages/customer/vivado/data/ip/xilinx/xbip_utils_v3_0/hdl/xbip_utils_v3_0_vh_rfs.vhd:2047]
WARNING: [VRFC 10-516] comparison between unequal length arrays always returns FALSE [/wrk/2018.3/nightly/2018_12_06_2405991/packages/customer/vivado/data/ip/xilinx/xbip_utils_v3_0/hdl/xbip_utils_v3_0_vh_rfs.vhd:2048]
WARNING: [VRFC 10-516] comparison between unequal length arrays always returns FALSE [/wrk/2018.3/nightly/2018_12_06_2405991/packages/customer/vivado/data/ip/xilinx/xbip_utils_v3_0/hdl/xbip_utils_v3_0_vh_rfs.vhd:2049]
Compiling architecture synth of entity fir_compiler_v7_2_11.addsub_mult_add [\addsub_mult_add(c_xdevicefamily...]
WARNING: [VRFC 10-516] comparison between unequal length arrays always returns FALSE [/wrk/2018.3/nightly/2018_12_06_2405991/packages/customer/vivado/data/ip/xilinx/xbip_utils_v3_0/hdl/xbip_utils_v3_0_vh_rfs.vhd:2056]
WARNING: [VRFC 10-516] comparison between unequal length arrays always returns FALSE [/wrk/2018.3/nightly/2018_12_06_2405991/packages/customer/vivado/data/ip/xilinx/xbip_utils_v3_0/hdl/xbip_utils_v3_0_vh_rfs.vhd:2057]
WARNING: [VRFC 10-516] comparison between unequal length arrays always returns FALSE [/wrk/2018.3/nightly/2018_12_06_2405991/packages/customer/vivado/data/ip/xilinx/xbip_utils_v3_0/hdl/xbip_utils_v3_0_vh_rfs.vhd:2058]
WARNING: [VRFC 10-516] comparison between unequal length arrays always returns FALSE [/wrk/2018.3/nightly/2018_12_06_2405991/packages/customer/vivado/data/ip/xilinx/xbip_utils_v3_0/hdl/xbip_utils_v3_0_vh_rfs.vhd:2059]
WARNING: [VRFC 10-516] comparison between unequal length arrays always returns FALSE [/wrk/2018.3/nightly/2018_12_06_2405991/packages/customer/vivado/data/ip/xilinx/xbip_utils_v3_0/hdl/xbip_utils_v3_0_vh_rfs.vhd:2045]
WARNING: [VRFC 10-516] comparison between unequal length arrays always returns FALSE [/wrk/2018.3/nightly/2018_12_06_2405991/packages/customer/vivado/data/ip/xilinx/xbip_utils_v3_0/hdl/xbip_utils_v3_0_vh_rfs.vhd:2046]
WARNING: [VRFC 10-516] comparison between unequal length arrays always returns FALSE [/wrk/2018.3/nightly/2018_12_06_2405991/packages/customer/vivado/data/ip/xilinx/xbip_utils_v3_0/hdl/xbip_utils_v3_0_vh_rfs.vhd:2047]
WARNING: [VRFC 10-516] comparison between unequal length arrays always returns FALSE [/wrk/2018.3/nightly/2018_12_06_2405991/packages/customer/vivado/data/ip/xilinx/xbip_utils_v3_0/hdl/xbip_utils_v3_0_vh_rfs.vhd:2048]
WARNING: [VRFC 10-516] comparison between unequal length arrays always returns FALSE [/wrk/2018.3/nightly/2018_12_06_2405991/packages/customer/vivado/data/ip/xilinx/xbip_utils_v3_0/hdl/xbip_utils_v3_0_vh_rfs.vhd:2049]
Compiling architecture synth of entity fir_compiler_v7_2_11.delay [\delay(c_delay_len=0,c_xdevicefa...]
Compiling architecture synth of entity fir_compiler_v7_2_11.delay [\delay(c_delay_len=0,c_xdevicefa...]
Compiling architecture dsp48e1_v of entity unisim.DSP48E1 [\DSP48E1(inmodereg=0,mask="11111...]
Compiling architecture synth of entity fir_compiler_v7_2_11.delay [\delay(c_delay_len=0,c_xdevicefa...]
Compiling architecture synth of entity fir_compiler_v7_2_11.calc [\calc(c_xdevicefamily="artix7",c...]
Compiling architecture synth of entity fir_compiler_v7_2_11.add_accum [\add_accum(c_xdevicefamily="arti...]
Compiling architecture synth of entity fir_compiler_v7_2_11.delay [\delay(c_delay_len=0,c_xdevicefa...]
Compiling architecture synth of entity fir_compiler_v7_2_11.delay [\delay(c_delay_len=0,c_xdevicefa...]
Compiling architecture synth of entity fir_compiler_v7_2_11.delay [\delay(c_delay_len=2,c_xdevicefa...]
Compiling architecture synth of entity fir_compiler_v7_2_11.delay [\delay(c_delay_len=0,c_xdevicefa...]
Compiling architecture synth of entity fir_compiler_v7_2_11.delay [\delay(c_delay_len=0,c_xdevicefa...]
Compiling architecture synth of entity fir_compiler_v7_2_11.delay [\delay(c_delay_len=7,c_xdevicefa...]
Compiling architecture synth of entity fir_compiler_v7_2_11.delay [\delay(c_delay_len=10,c_xdevicef...]
Compiling architecture synth of entity fir_compiler_v7_2_11.single_rate [\single_rate(c_xdevicefamily="ar...]
Compiling architecture synth of entity fir_compiler_v7_2_11.fir_compiler_v7_2_11_viv [\fir_compiler_v7_2_11_viv(c_xdev...]
Compiling architecture xilinx of entity fir_compiler_v7_2_11.fir_compiler_v7_2_11 [\fir_compiler_v7_2_11(c_xdevicef...]
Compiling architecture fir_arch of entity xil_defaultlib.fir [fir_default]
Compiling architecture synth of entity xbip_pipe_v3_0_5.xbip_pipe_v3_0_5_viv [\xbip_pipe_v3_0_5_viv(c_latency=...]
Compiling architecture synth of entity xbip_pipe_v3_0_5.xbip_pipe_v3_0_5_viv [\xbip_pipe_v3_0_5_viv(c_latency=...]
Compiling architecture synth of entity dds_compiler_v6_0_17.dds_compiler_v6_0_17_rdy [\dds_compiler_v6_0_17_rdy(c_has_...]
Compiling architecture synth of entity xbip_pipe_v3_0_5.xbip_pipe_v3_0_5_viv [\xbip_pipe_v3_0_5_viv(c_has_ce=1...]
Compiling architecture synth of entity xbip_pipe_v3_0_5.xbip_pipe_v3_0_5_viv [\xbip_pipe_v3_0_5_viv(c_has_ce=1...]
Compiling architecture synth of entity xbip_pipe_v3_0_5.xbip_pipe_v3_0_5_viv [\xbip_pipe_v3_0_5_viv(c_has_ce=1...]
Compiling architecture synth of entity xbip_pipe_v3_0_5.xbip_pipe_v3_0_5_viv [\xbip_pipe_v3_0_5_viv(c_latency=...]
Compiling architecture synth of entity dds_compiler_v6_0_17.pipe_add [\pipe_add(c_width=27,c_seg_width...]
Compiling architecture synth of entity dds_compiler_v6_0_17.accum [\accum(c_xdevicefamily="artix7",...]
Compiling architecture synth of entity xbip_pipe_v3_0_5.xbip_pipe_v3_0_5_viv [\xbip_pipe_v3_0_5_viv(c_latency=...]
Compiling architecture synth of entity xbip_pipe_v3_0_5.xbip_pipe_v3_0_5_viv [\xbip_pipe_v3_0_5_viv(c_has_ce=1...]
Compiling architecture synth of entity xbip_pipe_v3_0_5.xbip_pipe_v3_0_5_viv [\xbip_pipe_v3_0_5_viv(c_has_ce=1...]
Compiling architecture synth of entity dds_compiler_v6_0_17.sin_cos [\sin_cos(c_xdevicefamily="artix7...]
Compiling architecture synth of entity xbip_pipe_v3_0_5.xbip_pipe_v3_0_5_viv [\xbip_pipe_v3_0_5_viv(c_has_ce=1...]
Compiling architecture synth of entity dds_compiler_v6_0_17.dds_compiler_v6_0_17_core [\dds_compiler_v6_0_17_core(c_xde...]
Compiling architecture synth of entity dds_compiler_v6_0_17.dds_compiler_v6_0_17_viv [\dds_compiler_v6_0_17_viv(c_xdev...]
Compiling architecture xilinx of entity dds_compiler_v6_0_17.dds_compiler_v6_0_17 [\dds_compiler_v6_0_17(c_xdevicef...]
Compiling architecture dds_arch of entity xil_defaultlib.dds [dds_default]
Compiling module xil_defaultlib.dac_controller
Compiling module xil_defaultlib.top_2ask_transmitter_default
Compiling module xil_defaultlib.tb_2ask_transmitter
Compiling module xil_defaultlib.glbl
Built simulation snapshot tb_2ask_transmitter_behav
run_program: Time (s): cpu = 00:00:12 ; elapsed = 00:01:54 . Memory (MB): peak = 1004.578 ; gain = 0.000
INFO: [USF-XSim-69] 'elaborate' step finished in '113' seconds
INFO: [USF-XSim-4] XSim::Simulate design
INFO: [USF-XSim-61] Executing 'SIMULATE' step in 'D:/Desktop/2ASK_FPGA/2ASK-bandpass-system-transmitter/fpga_project/ASK/ASK.sim/sim_1/behav/xsim'
INFO: [USF-XSim-98] *** Running xsim
   with args "tb_2ask_transmitter_behav -key {Behavioral:sim_1:Functional:tb_2ask_transmitter} -tclbatch {tb_2ask_transmitter.tcl} -log {simulate.log}"
INFO: [USF-XSim-8] Loading simulator feature
Vivado Simulator 2018.3
Time resolution is 1 ps
source tb_2ask_transmitter.tcl
# set curr_wave [current_wave_config]
# if { [string length $curr_wave] == 0 } {
#   if { [llength [get_objects]] > 0} {
#     add_wave /
#     set_property needs_save false [current_wave_config]
#   } else {
#      send_msg_id Add_Wave-1 WARNING "No top level signals found. Simulator will start without a wave window. If you want to open a wave window go to 'File->New Waveform Configuration' or type 'create_wave_config' in the TCL console."
#   }
# }
# run 1000ns
 Block Memory Generator module loading initial data...
 Block Memory Generator data initialization complete.
Block Memory Generator module tb_2ask_transmitter.uut.u_rom.inst.native_mem_module.blk_mem_gen_v8_4_2_inst is using a behavioral model for simulation which will not precisely model memory collision behavior.
Time=0: DAC transaction started
INFO: [USF-XSim-96] XSim completed. Design snapshot 'tb_2ask_transmitter_behav' loaded.
INFO: [USF-XSim-97] XSim simulation ran for 1000ns
launch_simulation: Time (s): cpu = 00:00:20 ; elapsed = 00:02:04 . Memory (MB): peak = 1125.598 ; gain = 121.020
save_wave_config {D:/Desktop/2ASK_FPGA/2ASK-bandpass-system-transmitter/fpga_project/ASK/ASK.sim/tb_2ask_transmitter_behav.wcfg}
add_files -fileset sim_1 -norecurse D:/Desktop/2ASK_FPGA/2ASK-bandpass-system-transmitter/fpga_project/ASK/ASK.sim/tb_2ask_transmitter_behav.wcfg
set_property xsim.view D:/Desktop/2ASK_FPGA/2ASK-bandpass-system-transmitter/fpga_project/ASK/ASK.sim/tb_2ask_transmitter_behav.wcfg [get_filesets sim_1]
restart
INFO: [Simtcl 6-17] Simulation restarted
run 10 us
 Block Memory Generator module loading initial data...
 Block Memory Generator data initialization complete.
Block Memory Generator module tb_2ask_transmitter.uut.u_rom.inst.native_mem_module.blk_mem_gen_v8_4_2_inst is using a behavioral model for simulation which will not precisely model memory collision behavior.
Time=0: DAC transaction started
WARNING: [Simulator 45-29] Cannot open source file /wrk/2018.3/nightly/2018_12_06_2405991/packages/customer/vivado/data/ip/xilinx/blk_mem_gen_v8_4/simulation/blk_mem_gen_v8_4.v: file does not exist.
restart
INFO: [Simtcl 6-17] Simulation restarted
run 10 us
 Block Memory Generator module loading initial data...
 Block Memory Generator data initialization complete.
Block Memory Generator module tb_2ask_transmitter.uut.u_rom.inst.native_mem_module.blk_mem_gen_v8_4_2_inst is using a behavioral model for simulation which will not precisely model memory collision behavior.
Time=0: DAC transaction started
run 100 us
run: Time (s): cpu = 00:00:03 ; elapsed = 00:00:20 . Memory (MB): peak = 1125.598 ; gain = 0.000
save_wave_config {D:/Desktop/2ASK_FPGA/2ASK-bandpass-system-transmitter/fpga_project/ASK/ASK.sim/tb_2ask_transmitter_behav.wcfg}
close_sim
INFO: [Simtcl 6-16] Simulation closed
