Copyright 1986-2018 Xilinx, Inc. All Rights Reserved.
-----------------------------------------------------------------------------------------------------------------------------------------------------------------------------------------------------------------------------------
| Tool Version : Vivado v.2018.3 (win64) Build 2405991 Thu Dec  6 23:38:27 MST 2018
| Date         : Thu Jun 26 03:45:17 2025
| Host         : NanwanPC running 64-bit major release  (build 9200)
| Command      : report_timing_summary -max_paths 10 -file top_2ask_transmitter_timing_summary_routed.rpt -pb top_2ask_transmitter_timing_summary_routed.pb -rpx top_2ask_transmitter_timing_summary_routed.rpx -warn_on_violation
| Design       : top_2ask_transmitter
| Device       : 7a35t-csg324
| Speed File   : -1  PRODUCTION 1.23 2018-06-13
-----------------------------------------------------------------------------------------------------------------------------------------------------------------------------------------------------------------------------------

Timing Summary Report

------------------------------------------------------------------------------------------------
| Timer Settings
| --------------
------------------------------------------------------------------------------------------------

  Enable Multi Corner Analysis               :  Yes
  Enable Pessimism Removal                   :  Yes
  Pessimism Removal Resolution               :  Nearest Common Node
  Enable Input Delay Default Clock           :  No
  Enable Preset / Clear Arcs                 :  No
  Disable Flight Delays                      :  No
  Ignore I/O Paths                           :  No
  Timing Early Launch at Borrowing Latches   :  false

  Corner  Analyze    Analyze    
  Name    Max Paths  Min Paths  
  ------  ---------  ---------  
  Slow    Yes        Yes        
  Fast    Yes        Yes        



check_timing report

Table of Contents
-----------------
1. checking no_clock
2. checking constant_clock
3. checking pulse_width_clock
4. checking unconstrained_internal_endpoints
5. checking no_input_delay
6. checking no_output_delay
7. checking multiple_clock
8. checking generated_clocks
9. checking loops
10. checking partial_input_delay
11. checking partial_output_delay
12. checking latch_loops

1. checking no_clock
--------------------
 There are 0 register/latch pins with no clock.


2. checking constant_clock
--------------------------
 There are 0 register/latch pins with constant_clock.


3. checking pulse_width_clock
-----------------------------
 There are 0 register/latch pins which need pulse_width check


4. checking unconstrained_internal_endpoints
--------------------------------------------
 There are 0 pins that are not constrained for maximum delay.

 There are 0 pins that are not constrained for maximum delay due to constant clock.


5. checking no_input_delay
--------------------------
 There are 0 input ports with no input delay specified.

 There is 1 input port with no input delay but user has a false path constraint. (MEDIUM)


6. checking no_output_delay
---------------------------
 There are 0 ports with no output delay specified.

 There are 0 ports with no output delay but user has a false path constraint

 There are 0 ports with no output delay but with a timing clock defined on it or propagating through it


7. checking multiple_clock
--------------------------
 There are 0 register/latch pins with multiple clocks.


8. checking generated_clocks
----------------------------
 There are 0 generated clocks that are not connected to a clock source.


9. checking loops
-----------------
 There are 0 combinational loops in the design.


10. checking partial_input_delay
--------------------------------
 There are 0 input ports with partial input delay specified.


11. checking partial_output_delay
---------------------------------
 There are 0 ports with partial output delay specified.


12. checking latch_loops
------------------------
 There are 0 combinational latch loops in the design through latch input



------------------------------------------------------------------------------------------------
| Design Timing Summary
| ---------------------
------------------------------------------------------------------------------------------------

    WNS(ns)      TNS(ns)  TNS Failing Endpoints  TNS Total Endpoints      WHS(ns)      THS(ns)  THS Failing Endpoints  THS Total Endpoints     WPWS(ns)     TPWS(ns)  TPWS Failing Endpoints  TPWS Total Endpoints  
    -------      -------  ---------------------  -------------------      -------      -------  ---------------------  -------------------     --------     --------  ----------------------  --------------------  
    -10.373     -153.562                     15                 1336        0.093        0.000                      0                 1336        4.020        0.000                       0                   549  


Timing constraints are not met.


------------------------------------------------------------------------------------------------
| Clock Summary
| -------------
------------------------------------------------------------------------------------------------

Clock    Waveform(ns)       Period(ns)      Frequency(MHz)
-----    ------------       ----------      --------------
sys_clk  {0.000 5.000}      10.000          100.000         


------------------------------------------------------------------------------------------------
| Intra Clock Table
| -----------------
------------------------------------------------------------------------------------------------

Clock             WNS(ns)      TNS(ns)  TNS Failing Endpoints  TNS Total Endpoints      WHS(ns)      THS(ns)  THS Failing Endpoints  THS Total Endpoints     WPWS(ns)     TPWS(ns)  TPWS Failing Endpoints  TPWS Total Endpoints  
-----             -------      -------  ---------------------  -------------------      -------      -------  ---------------------  -------------------     --------     --------  ----------------------  --------------------  
sys_clk           -10.373     -153.562                     15                 1336        0.093        0.000                      0                 1336        4.020        0.000                       0                   549  


------------------------------------------------------------------------------------------------
| Inter Clock Table
| -----------------
------------------------------------------------------------------------------------------------

From Clock    To Clock          WNS(ns)      TNS(ns)  TNS Failing Endpoints  TNS Total Endpoints      WHS(ns)      THS(ns)  THS Failing Endpoints  THS Total Endpoints  
----------    --------          -------      -------  ---------------------  -------------------      -------      -------  ---------------------  -------------------  


------------------------------------------------------------------------------------------------
| Other Path Groups Table
| -----------------------
------------------------------------------------------------------------------------------------

Path Group    From Clock    To Clock          WNS(ns)      TNS(ns)  TNS Failing Endpoints  TNS Total Endpoints      WHS(ns)      THS(ns)  THS Failing Endpoints  THS Total Endpoints  
----------    ----------    --------          -------      -------  ---------------------  -------------------      -------      -------  ---------------------  -------------------  


------------------------------------------------------------------------------------------------
| Timing Details
| --------------
------------------------------------------------------------------------------------------------


---------------------------------------------------------------------------------------------------
From Clock:  sys_clk
  To Clock:  sys_clk

Setup :           15  Failing Endpoints,  Worst Slack      -10.373ns,  Total Violation     -153.562ns
Hold  :            0  Failing Endpoints,  Worst Slack        0.093ns,  Total Violation        0.000ns
PW    :            0  Failing Endpoints,  Worst Slack        4.020ns,  Total Violation        0.000ns
---------------------------------------------------------------------------------------------------


Max Delay Paths
--------------------------------------------------------------------------------------
Slack (VIOLATED) :        -10.373ns  (required time - arrival time)
  Source:                 p2_clk_wrt_reg/C
                            (rising edge-triggered cell FDCE clocked by sys_clk  {rise@0.000ns fall@5.000ns period=10.000ns})
  Destination:            p2_clk_wrt
                            (output port clocked by sys_clk  {rise@0.000ns fall@5.000ns period=10.000ns})
  Path Group:             sys_clk
  Path Type:              Max at Slow Process Corner
  Requirement:            10.000ns  (sys_clk rise@10.000ns - sys_clk rise@0.000ns)
  Data Path Delay:        5.170ns  (logic 3.624ns (70.082%)  route 1.547ns (29.918%))
  Logic Levels:           1  (OBUF=1)
  Output Delay:           10.000ns
  Clock Path Skew:        -5.167ns (DCD - SCD + CPR)
    Destination Clock Delay (DCD):    0.000ns = ( 10.000 - 10.000 ) 
    Source Clock Delay      (SCD):    5.167ns
    Clock Pessimism Removal (CPR):    0.000ns
  Clock Uncertainty:      0.035ns  ((TSJ^2 + TIJ^2)^1/2 + DJ) / 2 + PE
    Total System Jitter     (TSJ):    0.071ns
    Total Input Jitter      (TIJ):    0.000ns
    Discrete Jitter          (DJ):    0.000ns
    Phase Error              (PE):    0.000ns

    Location             Delay type                Incr(ns)  Path(ns)    Netlist Resource(s)
  -------------------------------------------------------------------    -------------------
                         (clock sys_clk rise edge)    0.000     0.000 r  
    P17                                               0.000     0.000 r  clk (IN)
                         net (fo=0)                   0.000     0.000    clk
    P17                  IBUF (Prop_ibuf_I_O)         1.478     1.478 r  clk_IBUF_inst/O
                         net (fo=1, routed)           1.972     3.450    clk_IBUF
    BUFGCTRL_X0Y0        BUFG (Prop_bufg_I_O)         0.096     3.546 r  clk_IBUF_BUFG_inst/O
                         net (fo=548, routed)         1.621     5.167    clk_IBUF_BUFG
    SLICE_X0Y85          FDCE                                         r  p2_clk_wrt_reg/C
  -------------------------------------------------------------------    -------------------
    SLICE_X0Y85          FDCE (Prop_fdce_C_Q)         0.419     5.586 r  p2_clk_wrt_reg/Q
                         net (fo=2, routed)           1.547     7.133    p2_clk_wrt_OBUF
    B17                  OBUF (Prop_obuf_I_O)         3.205    10.337 r  p2_clk_wrt_OBUF_inst/O
                         net (fo=0)                   0.000    10.337    p2_clk_wrt
    B17                                                               r  p2_clk_wrt (OUT)
  -------------------------------------------------------------------    -------------------

                         (clock sys_clk rise edge)   10.000    10.000 r  
                         clock pessimism              0.000    10.000    
                         clock uncertainty           -0.035     9.965    
                         output delay               -10.000    -0.035    
  -------------------------------------------------------------------
                         required time                         -0.035    
                         arrival time                         -10.337    
  -------------------------------------------------------------------
                         slack                                -10.373    

Slack (VIOLATED) :        -10.351ns  (required time - arrival time)
  Source:                 p2_db_reg[13]/C
                            (rising edge-triggered cell FDPE clocked by sys_clk  {rise@0.000ns fall@5.000ns period=10.000ns})
  Destination:            p2_db[13]
                            (output port clocked by sys_clk  {rise@0.000ns fall@5.000ns period=10.000ns})
  Path Group:             sys_clk
  Path Type:              Max at Slow Process Corner
  Requirement:            10.000ns  (sys_clk rise@10.000ns - sys_clk rise@0.000ns)
  Data Path Delay:        5.149ns  (logic 3.488ns (67.728%)  route 1.662ns (32.272%))
  Logic Levels:           1  (OBUF=1)
  Output Delay:           10.000ns
  Clock Path Skew:        -5.167ns (DCD - SCD + CPR)
    Destination Clock Delay (DCD):    0.000ns = ( 10.000 - 10.000 ) 
    Source Clock Delay      (SCD):    5.167ns
    Clock Pessimism Removal (CPR):    0.000ns
  Clock Uncertainty:      0.035ns  ((TSJ^2 + TIJ^2)^1/2 + DJ) / 2 + PE
    Total System Jitter     (TSJ):    0.071ns
    Total Input Jitter      (TIJ):    0.000ns
    Discrete Jitter          (DJ):    0.000ns
    Phase Error              (PE):    0.000ns

    Location             Delay type                Incr(ns)  Path(ns)    Netlist Resource(s)
  -------------------------------------------------------------------    -------------------
                         (clock sys_clk rise edge)    0.000     0.000 r  
    P17                                               0.000     0.000 r  clk (IN)
                         net (fo=0)                   0.000     0.000    clk
    P17                  IBUF (Prop_ibuf_I_O)         1.478     1.478 r  clk_IBUF_inst/O
                         net (fo=1, routed)           1.972     3.450    clk_IBUF
    BUFGCTRL_X0Y0        BUFG (Prop_bufg_I_O)         0.096     3.546 r  clk_IBUF_BUFG_inst/O
                         net (fo=548, routed)         1.621     5.167    clk_IBUF_BUFG
    SLICE_X3Y86          FDPE                                         r  p2_db_reg[13]/C
  -------------------------------------------------------------------    -------------------
    SLICE_X3Y86          FDPE (Prop_fdpe_C_Q)         0.456     5.623 r  p2_db_reg[13]/Q
                         net (fo=1, routed)           1.662     7.285    p2_db_OBUF[13]
    B16                  OBUF (Prop_obuf_I_O)         3.032    10.316 r  p2_db_OBUF[13]_inst/O
                         net (fo=0)                   0.000    10.316    p2_db[13]
    B16                                                               r  p2_db[13] (OUT)
  -------------------------------------------------------------------    -------------------

                         (clock sys_clk rise edge)   10.000    10.000 r  
                         clock pessimism              0.000    10.000    
                         clock uncertainty           -0.035     9.965    
                         output delay               -10.000    -0.035    
  -------------------------------------------------------------------
                         required time                         -0.035    
                         arrival time                         -10.316    
  -------------------------------------------------------------------
                         slack                                -10.351    

Slack (VIOLATED) :        -10.235ns  (required time - arrival time)
  Source:                 p2_db_reg[12]/C
                            (rising edge-triggered cell FDCE clocked by sys_clk  {rise@0.000ns fall@5.000ns period=10.000ns})
  Destination:            p2_db[12]
                            (output port clocked by sys_clk  {rise@0.000ns fall@5.000ns period=10.000ns})
  Path Group:             sys_clk
  Path Type:              Max at Slow Process Corner
  Requirement:            10.000ns  (sys_clk rise@10.000ns - sys_clk rise@0.000ns)
  Data Path Delay:        5.035ns  (logic 3.506ns (69.625%)  route 1.530ns (30.375%))
  Logic Levels:           1  (OBUF=1)
  Output Delay:           10.000ns
  Clock Path Skew:        -5.164ns (DCD - SCD + CPR)
    Destination Clock Delay (DCD):    0.000ns = ( 10.000 - 10.000 ) 
    Source Clock Delay      (SCD):    5.164ns
    Clock Pessimism Removal (CPR):    0.000ns
  Clock Uncertainty:      0.035ns  ((TSJ^2 + TIJ^2)^1/2 + DJ) / 2 + PE
    Total System Jitter     (TSJ):    0.071ns
    Total Input Jitter      (TIJ):    0.000ns
    Discrete Jitter          (DJ):    0.000ns
    Phase Error              (PE):    0.000ns

    Location             Delay type                Incr(ns)  Path(ns)    Netlist Resource(s)
  -------------------------------------------------------------------    -------------------
                         (clock sys_clk rise edge)    0.000     0.000 r  
    P17                                               0.000     0.000 r  clk (IN)
                         net (fo=0)                   0.000     0.000    clk
    P17                  IBUF (Prop_ibuf_I_O)         1.478     1.478 r  clk_IBUF_inst/O
                         net (fo=1, routed)           1.972     3.450    clk_IBUF
    BUFGCTRL_X0Y0        BUFG (Prop_bufg_I_O)         0.096     3.546 r  clk_IBUF_BUFG_inst/O
                         net (fo=548, routed)         1.618     5.164    clk_IBUF_BUFG
    SLICE_X1Y83          FDCE                                         r  p2_db_reg[12]/C
  -------------------------------------------------------------------    -------------------
    SLICE_X1Y83          FDCE (Prop_fdce_C_Q)         0.456     5.620 r  p2_db_reg[12]/Q
                         net (fo=1, routed)           1.530     7.149    p2_db_OBUF[12]
    A16                  OBUF (Prop_obuf_I_O)         3.050    10.199 r  p2_db_OBUF[12]_inst/O
                         net (fo=0)                   0.000    10.199    p2_db[12]
    A16                                                               r  p2_db[12] (OUT)
  -------------------------------------------------------------------    -------------------

                         (clock sys_clk rise edge)   10.000    10.000 r  
                         clock pessimism              0.000    10.000    
                         clock uncertainty           -0.035     9.965    
                         output delay               -10.000    -0.035    
  -------------------------------------------------------------------
                         required time                         -0.035    
                         arrival time                         -10.199    
  -------------------------------------------------------------------
                         slack                                -10.235    

Slack (VIOLATED) :        -10.232ns  (required time - arrival time)
  Source:                 p2_db_reg[9]/C
                            (rising edge-triggered cell FDCE clocked by sys_clk  {rise@0.000ns fall@5.000ns period=10.000ns})
  Destination:            p2_db[9]
                            (output port clocked by sys_clk  {rise@0.000ns fall@5.000ns period=10.000ns})
  Path Group:             sys_clk
  Path Type:              Max at Slow Process Corner
  Requirement:            10.000ns  (sys_clk rise@10.000ns - sys_clk rise@0.000ns)
  Data Path Delay:        5.034ns  (logic 3.504ns (69.614%)  route 1.530ns (30.386%))
  Logic Levels:           1  (OBUF=1)
  Output Delay:           10.000ns
  Clock Path Skew:        -5.163ns (DCD - SCD + CPR)
    Destination Clock Delay (DCD):    0.000ns = ( 10.000 - 10.000 ) 
    Source Clock Delay      (SCD):    5.163ns
    Clock Pessimism Removal (CPR):    0.000ns
  Clock Uncertainty:      0.035ns  ((TSJ^2 + TIJ^2)^1/2 + DJ) / 2 + PE
    Total System Jitter     (TSJ):    0.071ns
    Total Input Jitter      (TIJ):    0.000ns
    Discrete Jitter          (DJ):    0.000ns
    Phase Error              (PE):    0.000ns

    Location             Delay type                Incr(ns)  Path(ns)    Netlist Resource(s)
  -------------------------------------------------------------------    -------------------
                         (clock sys_clk rise edge)    0.000     0.000 r  
    P17                                               0.000     0.000 r  clk (IN)
                         net (fo=0)                   0.000     0.000    clk
    P17                  IBUF (Prop_ibuf_I_O)         1.478     1.478 r  clk_IBUF_inst/O
                         net (fo=1, routed)           1.972     3.450    clk_IBUF
    BUFGCTRL_X0Y0        BUFG (Prop_bufg_I_O)         0.096     3.546 r  clk_IBUF_BUFG_inst/O
                         net (fo=548, routed)         1.617     5.163    clk_IBUF_BUFG
    SLICE_X1Y82          FDCE                                         r  p2_db_reg[9]/C
  -------------------------------------------------------------------    -------------------
    SLICE_X1Y82          FDCE (Prop_fdce_C_Q)         0.456     5.619 r  p2_db_reg[9]/Q
                         net (fo=1, routed)           1.530     7.148    p2_db_OBUF[9]
    A13                  OBUF (Prop_obuf_I_O)         3.048    10.197 r  p2_db_OBUF[9]_inst/O
                         net (fo=0)                   0.000    10.197    p2_db[9]
    A13                                                               r  p2_db[9] (OUT)
  -------------------------------------------------------------------    -------------------

                         (clock sys_clk rise edge)   10.000    10.000 r  
                         clock pessimism              0.000    10.000    
                         clock uncertainty           -0.035     9.965    
                         output delay               -10.000    -0.035    
  -------------------------------------------------------------------
                         required time                         -0.035    
                         arrival time                         -10.197    
  -------------------------------------------------------------------
                         slack                                -10.232    

Slack (VIOLATED) :        -10.227ns  (required time - arrival time)
  Source:                 p2_db_reg[10]/C
                            (rising edge-triggered cell FDCE clocked by sys_clk  {rise@0.000ns fall@5.000ns period=10.000ns})
  Destination:            p2_db[10]
                            (output port clocked by sys_clk  {rise@0.000ns fall@5.000ns period=10.000ns})
  Path Group:             sys_clk
  Path Type:              Max at Slow Process Corner
  Requirement:            10.000ns  (sys_clk rise@10.000ns - sys_clk rise@0.000ns)
  Data Path Delay:        5.031ns  (logic 3.501ns (69.597%)  route 1.530ns (30.403%))
  Logic Levels:           1  (OBUF=1)
  Output Delay:           10.000ns
  Clock Path Skew:        -5.161ns (DCD - SCD + CPR)
    Destination Clock Delay (DCD):    0.000ns = ( 10.000 - 10.000 ) 
    Source Clock Delay      (SCD):    5.161ns
    Clock Pessimism Removal (CPR):    0.000ns
  Clock Uncertainty:      0.035ns  ((TSJ^2 + TIJ^2)^1/2 + DJ) / 2 + PE
    Total System Jitter     (TSJ):    0.071ns
    Total Input Jitter      (TIJ):    0.000ns
    Discrete Jitter          (DJ):    0.000ns
    Phase Error              (PE):    0.000ns

    Location             Delay type                Incr(ns)  Path(ns)    Netlist Resource(s)
  -------------------------------------------------------------------    -------------------
                         (clock sys_clk rise edge)    0.000     0.000 r  
    P17                                               0.000     0.000 r  clk (IN)
                         net (fo=0)                   0.000     0.000    clk
    P17                  IBUF (Prop_ibuf_I_O)         1.478     1.478 r  clk_IBUF_inst/O
                         net (fo=1, routed)           1.972     3.450    clk_IBUF
    BUFGCTRL_X0Y0        BUFG (Prop_bufg_I_O)         0.096     3.546 r  clk_IBUF_BUFG_inst/O
                         net (fo=548, routed)         1.615     5.161    clk_IBUF_BUFG
    SLICE_X1Y81          FDCE                                         r  p2_db_reg[10]/C
  -------------------------------------------------------------------    -------------------
    SLICE_X1Y81          FDCE (Prop_fdce_C_Q)         0.456     5.617 r  p2_db_reg[10]/Q
                         net (fo=1, routed)           1.530     7.146    p2_db_OBUF[10]
    A14                  OBUF (Prop_obuf_I_O)         3.045    10.192 r  p2_db_OBUF[10]_inst/O
                         net (fo=0)                   0.000    10.192    p2_db[10]
    A14                                                               r  p2_db[10] (OUT)
  -------------------------------------------------------------------    -------------------

                         (clock sys_clk rise edge)   10.000    10.000 r  
                         clock pessimism              0.000    10.000    
                         clock uncertainty           -0.035     9.965    
                         output delay               -10.000    -0.035    
  -------------------------------------------------------------------
                         required time                         -0.035    
                         arrival time                         -10.192    
  -------------------------------------------------------------------
                         slack                                -10.227    

Slack (VIOLATED) :        -10.227ns  (required time - arrival time)
  Source:                 p2_db_reg[3]/C
                            (rising edge-triggered cell FDCE clocked by sys_clk  {rise@0.000ns fall@5.000ns period=10.000ns})
  Destination:            p2_db[3]
                            (output port clocked by sys_clk  {rise@0.000ns fall@5.000ns period=10.000ns})
  Path Group:             sys_clk
  Path Type:              Max at Slow Process Corner
  Requirement:            10.000ns  (sys_clk rise@10.000ns - sys_clk rise@0.000ns)
  Data Path Delay:        5.020ns  (logic 3.490ns (69.528%)  route 1.530ns (30.472%))
  Logic Levels:           1  (OBUF=1)
  Output Delay:           10.000ns
  Clock Path Skew:        -5.172ns (DCD - SCD + CPR)
    Destination Clock Delay (DCD):    0.000ns = ( 10.000 - 10.000 ) 
    Source Clock Delay      (SCD):    5.172ns
    Clock Pessimism Removal (CPR):    0.000ns
  Clock Uncertainty:      0.035ns  ((TSJ^2 + TIJ^2)^1/2 + DJ) / 2 + PE
    Total System Jitter     (TSJ):    0.071ns
    Total Input Jitter      (TIJ):    0.000ns
    Discrete Jitter          (DJ):    0.000ns
    Phase Error              (PE):    0.000ns

    Location             Delay type                Incr(ns)  Path(ns)    Netlist Resource(s)
  -------------------------------------------------------------------    -------------------
                         (clock sys_clk rise edge)    0.000     0.000 r  
    P17                                               0.000     0.000 r  clk (IN)
                         net (fo=0)                   0.000     0.000    clk
    P17                  IBUF (Prop_ibuf_I_O)         1.478     1.478 r  clk_IBUF_inst/O
                         net (fo=1, routed)           1.972     3.450    clk_IBUF
    BUFGCTRL_X0Y0        BUFG (Prop_bufg_I_O)         0.096     3.546 r  clk_IBUF_BUFG_inst/O
                         net (fo=548, routed)         1.626     5.172    clk_IBUF_BUFG
    SLICE_X1Y96          FDCE                                         r  p2_db_reg[3]/C
  -------------------------------------------------------------------    -------------------
    SLICE_X1Y96          FDCE (Prop_fdce_C_Q)         0.456     5.628 r  p2_db_reg[3]/Q
                         net (fo=1, routed)           1.530     7.157    p2_db_OBUF[3]
    B13                  OBUF (Prop_obuf_I_O)         3.034    10.191 r  p2_db_OBUF[3]_inst/O
                         net (fo=0)                   0.000    10.191    p2_db[3]
    B13                                                               r  p2_db[3] (OUT)
  -------------------------------------------------------------------    -------------------

                         (clock sys_clk rise edge)   10.000    10.000 r  
                         clock pessimism              0.000    10.000    
                         clock uncertainty           -0.035     9.965    
                         output delay               -10.000    -0.035    
  -------------------------------------------------------------------
                         required time                         -0.035    
                         arrival time                         -10.191    
  -------------------------------------------------------------------
                         slack                                -10.227    

Slack (VIOLATED) :        -10.226ns  (required time - arrival time)
  Source:                 p2_db_reg[11]/C
                            (rising edge-triggered cell FDCE clocked by sys_clk  {rise@0.000ns fall@5.000ns period=10.000ns})
  Destination:            p2_db[11]
                            (output port clocked by sys_clk  {rise@0.000ns fall@5.000ns period=10.000ns})
  Path Group:             sys_clk
  Path Type:              Max at Slow Process Corner
  Requirement:            10.000ns  (sys_clk rise@10.000ns - sys_clk rise@0.000ns)
  Data Path Delay:        5.026ns  (logic 3.496ns (69.567%)  route 1.530ns (30.433%))
  Logic Levels:           1  (OBUF=1)
  Output Delay:           10.000ns
  Clock Path Skew:        -5.165ns (DCD - SCD + CPR)
    Destination Clock Delay (DCD):    0.000ns = ( 10.000 - 10.000 ) 
    Source Clock Delay      (SCD):    5.165ns
    Clock Pessimism Removal (CPR):    0.000ns
  Clock Uncertainty:      0.035ns  ((TSJ^2 + TIJ^2)^1/2 + DJ) / 2 + PE
    Total System Jitter     (TSJ):    0.071ns
    Total Input Jitter      (TIJ):    0.000ns
    Discrete Jitter          (DJ):    0.000ns
    Phase Error              (PE):    0.000ns

    Location             Delay type                Incr(ns)  Path(ns)    Netlist Resource(s)
  -------------------------------------------------------------------    -------------------
                         (clock sys_clk rise edge)    0.000     0.000 r  
    P17                                               0.000     0.000 r  clk (IN)
                         net (fo=0)                   0.000     0.000    clk
    P17                  IBUF (Prop_ibuf_I_O)         1.478     1.478 r  clk_IBUF_inst/O
                         net (fo=1, routed)           1.972     3.450    clk_IBUF
    BUFGCTRL_X0Y0        BUFG (Prop_bufg_I_O)         0.096     3.546 r  clk_IBUF_BUFG_inst/O
                         net (fo=548, routed)         1.619     5.165    clk_IBUF_BUFG
    SLICE_X1Y84          FDCE                                         r  p2_db_reg[11]/C
  -------------------------------------------------------------------    -------------------
    SLICE_X1Y84          FDCE (Prop_fdce_C_Q)         0.456     5.621 r  p2_db_reg[11]/Q
                         net (fo=1, routed)           1.530     7.150    p2_db_OBUF[11]
    A15                  OBUF (Prop_obuf_I_O)         3.040    10.191 r  p2_db_OBUF[11]_inst/O
                         net (fo=0)                   0.000    10.191    p2_db[11]
    A15                                                               r  p2_db[11] (OUT)
  -------------------------------------------------------------------    -------------------

                         (clock sys_clk rise edge)   10.000    10.000 r  
                         clock pessimism              0.000    10.000    
                         clock uncertainty           -0.035     9.965    
                         output delay               -10.000    -0.035    
  -------------------------------------------------------------------
                         required time                         -0.035    
                         arrival time                         -10.191    
  -------------------------------------------------------------------
                         slack                                -10.226    

Slack (VIOLATED) :        -10.224ns  (required time - arrival time)
  Source:                 p2_db_reg[0]/C
                            (rising edge-triggered cell FDCE clocked by sys_clk  {rise@0.000ns fall@5.000ns period=10.000ns})
  Destination:            p2_db[0]
                            (output port clocked by sys_clk  {rise@0.000ns fall@5.000ns period=10.000ns})
  Path Group:             sys_clk
  Path Type:              Max at Slow Process Corner
  Requirement:            10.000ns  (sys_clk rise@10.000ns - sys_clk rise@0.000ns)
  Data Path Delay:        5.018ns  (logic 3.488ns (69.517%)  route 1.530ns (30.483%))
  Logic Levels:           1  (OBUF=1)
  Output Delay:           10.000ns
  Clock Path Skew:        -5.171ns (DCD - SCD + CPR)
    Destination Clock Delay (DCD):    0.000ns = ( 10.000 - 10.000 ) 
    Source Clock Delay      (SCD):    5.171ns
    Clock Pessimism Removal (CPR):    0.000ns
  Clock Uncertainty:      0.035ns  ((TSJ^2 + TIJ^2)^1/2 + DJ) / 2 + PE
    Total System Jitter     (TSJ):    0.071ns
    Total Input Jitter      (TIJ):    0.000ns
    Discrete Jitter          (DJ):    0.000ns
    Phase Error              (PE):    0.000ns

    Location             Delay type                Incr(ns)  Path(ns)    Netlist Resource(s)
  -------------------------------------------------------------------    -------------------
                         (clock sys_clk rise edge)    0.000     0.000 r  
    P17                                               0.000     0.000 r  clk (IN)
                         net (fo=0)                   0.000     0.000    clk
    P17                  IBUF (Prop_ibuf_I_O)         1.478     1.478 r  clk_IBUF_inst/O
                         net (fo=1, routed)           1.972     3.450    clk_IBUF
    BUFGCTRL_X0Y0        BUFG (Prop_bufg_I_O)         0.096     3.546 r  clk_IBUF_BUFG_inst/O
                         net (fo=548, routed)         1.625     5.171    clk_IBUF_BUFG
    SLICE_X1Y91          FDCE                                         r  p2_db_reg[0]/C
  -------------------------------------------------------------------    -------------------
    SLICE_X1Y91          FDCE (Prop_fdce_C_Q)         0.456     5.627 r  p2_db_reg[0]/Q
                         net (fo=1, routed)           1.530     7.156    p2_db_OBUF[0]
    A11                  OBUF (Prop_obuf_I_O)         3.032    10.189 r  p2_db_OBUF[0]_inst/O
                         net (fo=0)                   0.000    10.189    p2_db[0]
    A11                                                               r  p2_db[0] (OUT)
  -------------------------------------------------------------------    -------------------

                         (clock sys_clk rise edge)   10.000    10.000 r  
                         clock pessimism              0.000    10.000    
                         clock uncertainty           -0.035     9.965    
                         output delay               -10.000    -0.035    
  -------------------------------------------------------------------
                         required time                         -0.035    
                         arrival time                         -10.189    
  -------------------------------------------------------------------
                         slack                                -10.224    

Slack (VIOLATED) :        -10.218ns  (required time - arrival time)
  Source:                 p2_db_reg[4]/C
                            (rising edge-triggered cell FDCE clocked by sys_clk  {rise@0.000ns fall@5.000ns period=10.000ns})
  Destination:            p2_db[4]
                            (output port clocked by sys_clk  {rise@0.000ns fall@5.000ns period=10.000ns})
  Path Group:             sys_clk
  Path Type:              Max at Slow Process Corner
  Requirement:            10.000ns  (sys_clk rise@10.000ns - sys_clk rise@0.000ns)
  Data Path Delay:        5.011ns  (logic 3.481ns (69.476%)  route 1.530ns (30.524%))
  Logic Levels:           1  (OBUF=1)
  Output Delay:           10.000ns
  Clock Path Skew:        -5.172ns (DCD - SCD + CPR)
    Destination Clock Delay (DCD):    0.000ns = ( 10.000 - 10.000 ) 
    Source Clock Delay      (SCD):    5.172ns
    Clock Pessimism Removal (CPR):    0.000ns
  Clock Uncertainty:      0.035ns  ((TSJ^2 + TIJ^2)^1/2 + DJ) / 2 + PE
    Total System Jitter     (TSJ):    0.071ns
    Total Input Jitter      (TIJ):    0.000ns
    Discrete Jitter          (DJ):    0.000ns
    Phase Error              (PE):    0.000ns

    Location             Delay type                Incr(ns)  Path(ns)    Netlist Resource(s)
  -------------------------------------------------------------------    -------------------
                         (clock sys_clk rise edge)    0.000     0.000 r  
    P17                                               0.000     0.000 r  clk (IN)
                         net (fo=0)                   0.000     0.000    clk
    P17                  IBUF (Prop_ibuf_I_O)         1.478     1.478 r  clk_IBUF_inst/O
                         net (fo=1, routed)           1.972     3.450    clk_IBUF
    BUFGCTRL_X0Y0        BUFG (Prop_bufg_I_O)         0.096     3.546 r  clk_IBUF_BUFG_inst/O
                         net (fo=548, routed)         1.626     5.172    clk_IBUF_BUFG
    SLICE_X1Y95          FDCE                                         r  p2_db_reg[4]/C
  -------------------------------------------------------------------    -------------------
    SLICE_X1Y95          FDCE (Prop_fdce_C_Q)         0.456     5.628 r  p2_db_reg[4]/Q
                         net (fo=1, routed)           1.530     7.157    p2_db_OBUF[4]
    B14                  OBUF (Prop_obuf_I_O)         3.025    10.183 r  p2_db_OBUF[4]_inst/O
                         net (fo=0)                   0.000    10.183    p2_db[4]
    B14                                                               r  p2_db[4] (OUT)
  -------------------------------------------------------------------    -------------------

                         (clock sys_clk rise edge)   10.000    10.000 r  
                         clock pessimism              0.000    10.000    
                         clock uncertainty           -0.035     9.965    
                         output delay               -10.000    -0.035    
  -------------------------------------------------------------------
                         required time                         -0.035    
                         arrival time                         -10.183    
  -------------------------------------------------------------------
                         slack                                -10.218    

Slack (VIOLATED) :        -10.216ns  (required time - arrival time)
  Source:                 p2_db_reg[8]/C
                            (rising edge-triggered cell FDCE clocked by sys_clk  {rise@0.000ns fall@5.000ns period=10.000ns})
  Destination:            p2_db[8]
                            (output port clocked by sys_clk  {rise@0.000ns fall@5.000ns period=10.000ns})
  Path Group:             sys_clk
  Path Type:              Max at Slow Process Corner
  Requirement:            10.000ns  (sys_clk rise@10.000ns - sys_clk rise@0.000ns)
  Data Path Delay:        5.022ns  (logic 3.492ns (69.543%)  route 1.530ns (30.457%))
  Logic Levels:           1  (OBUF=1)
  Output Delay:           10.000ns
  Clock Path Skew:        -5.159ns (DCD - SCD + CPR)
    Destination Clock Delay (DCD):    0.000ns = ( 10.000 - 10.000 ) 
    Source Clock Delay      (SCD):    5.159ns
    Clock Pessimism Removal (CPR):    0.000ns
  Clock Uncertainty:      0.035ns  ((TSJ^2 + TIJ^2)^1/2 + DJ) / 2 + PE
    Total System Jitter     (TSJ):    0.071ns
    Total Input Jitter      (TIJ):    0.000ns
    Discrete Jitter          (DJ):    0.000ns
    Phase Error              (PE):    0.000ns

    Location             Delay type                Incr(ns)  Path(ns)    Netlist Resource(s)
  -------------------------------------------------------------------    -------------------
                         (clock sys_clk rise edge)    0.000     0.000 r  
    P17                                               0.000     0.000 r  clk (IN)
                         net (fo=0)                   0.000     0.000    clk
    P17                  IBUF (Prop_ibuf_I_O)         1.478     1.478 r  clk_IBUF_inst/O
                         net (fo=1, routed)           1.972     3.450    clk_IBUF
    BUFGCTRL_X0Y0        BUFG (Prop_bufg_I_O)         0.096     3.546 r  clk_IBUF_BUFG_inst/O
                         net (fo=548, routed)         1.613     5.159    clk_IBUF_BUFG
    SLICE_X1Y79          FDCE                                         r  p2_db_reg[8]/C
  -------------------------------------------------------------------    -------------------
    SLICE_X1Y79          FDCE (Prop_fdce_C_Q)         0.456     5.615 r  p2_db_reg[8]/Q
                         net (fo=1, routed)           1.530     7.144    p2_db_OBUF[8]
    A18                  OBUF (Prop_obuf_I_O)         3.036    10.181 r  p2_db_OBUF[8]_inst/O
                         net (fo=0)                   0.000    10.181    p2_db[8]
    A18                                                               r  p2_db[8] (OUT)
  -------------------------------------------------------------------    -------------------

                         (clock sys_clk rise edge)   10.000    10.000 r  
                         clock pessimism              0.000    10.000    
                         clock uncertainty           -0.035     9.965    
                         output delay               -10.000    -0.035    
  -------------------------------------------------------------------
                         required time                         -0.035    
                         arrival time                         -10.181    
  -------------------------------------------------------------------
                         slack                                -10.216    





Min Delay Paths
--------------------------------------------------------------------------------------
Slack (MET) :             0.093ns  (arrival time - required time)
  Source:                 rom_addr_reg[11]/C
                            (rising edge-triggered cell FDCE clocked by sys_clk  {rise@0.000ns fall@5.000ns period=10.000ns})
  Destination:            u_rom/U0/inst_blk_mem_gen/gnbram.gnativebmg.native_blk_mem_gen/valid.cstr/ramloop[1].ram.r/prim_init.ram/DEVICE_7SERIES.NO_BMM_INFO.SP.CASCADED_PRIM36.ram_B/ADDRARDADDR[11]
                            (rising edge-triggered cell RAMB36E1 clocked by sys_clk  {rise@0.000ns fall@5.000ns period=10.000ns})
  Path Group:             sys_clk
  Path Type:              Hold (Min at Fast Process Corner)
  Requirement:            0.000ns  (sys_clk rise@0.000ns - sys_clk rise@0.000ns)
  Data Path Delay:        0.336ns  (logic 0.141ns (41.993%)  route 0.195ns (58.007%))
  Logic Levels:           0  
  Clock Path Skew:        0.059ns (DCD - SCD - CPR)
    Destination Clock Delay (DCD):    2.016ns
    Source Clock Delay      (SCD):    1.457ns
    Clock Pessimism Removal (CPR):    0.499ns

    Location             Delay type                Incr(ns)  Path(ns)    Netlist Resource(s)
  -------------------------------------------------------------------    -------------------
                         (clock sys_clk rise edge)    0.000     0.000 r  
    P17                                               0.000     0.000 r  clk (IN)
                         net (fo=0)                   0.000     0.000    clk
    P17                  IBUF (Prop_ibuf_I_O)         0.246     0.246 r  clk_IBUF_inst/O
                         net (fo=1, routed)           0.634     0.880    clk_IBUF
    BUFGCTRL_X0Y0        BUFG (Prop_bufg_I_O)         0.026     0.906 r  clk_IBUF_BUFG_inst/O
                         net (fo=548, routed)         0.551     1.457    clk_IBUF_BUFG
    SLICE_X49Y75         FDCE                                         r  rom_addr_reg[11]/C
  -------------------------------------------------------------------    -------------------
    SLICE_X49Y75         FDCE (Prop_fdce_C_Q)         0.141     1.598 r  rom_addr_reg[11]/Q
                         net (fo=18, routed)          0.195     1.793    u_rom/U0/inst_blk_mem_gen/gnbram.gnativebmg.native_blk_mem_gen/valid.cstr/ramloop[1].ram.r/prim_init.ram/addra[11]
    RAMB36_X1Y15         RAMB36E1                                     r  u_rom/U0/inst_blk_mem_gen/gnbram.gnativebmg.native_blk_mem_gen/valid.cstr/ramloop[1].ram.r/prim_init.ram/DEVICE_7SERIES.NO_BMM_INFO.SP.CASCADED_PRIM36.ram_B/ADDRARDADDR[11]
  -------------------------------------------------------------------    -------------------

                         (clock sys_clk rise edge)    0.000     0.000 r  
    P17                                               0.000     0.000 r  clk (IN)
                         net (fo=0)                   0.000     0.000    clk
    P17                  IBUF (Prop_ibuf_I_O)         0.434     0.434 r  clk_IBUF_inst/O
                         net (fo=1, routed)           0.689     1.123    clk_IBUF
    BUFGCTRL_X0Y0        BUFG (Prop_bufg_I_O)         0.029     1.152 r  clk_IBUF_BUFG_inst/O
                         net (fo=548, routed)         0.864     2.016    u_rom/U0/inst_blk_mem_gen/gnbram.gnativebmg.native_blk_mem_gen/valid.cstr/ramloop[1].ram.r/prim_init.ram/clka
    RAMB36_X1Y15         RAMB36E1                                     r  u_rom/U0/inst_blk_mem_gen/gnbram.gnativebmg.native_blk_mem_gen/valid.cstr/ramloop[1].ram.r/prim_init.ram/DEVICE_7SERIES.NO_BMM_INFO.SP.CASCADED_PRIM36.ram_B/CLKARDCLK
                         clock pessimism             -0.499     1.517    
    RAMB36_X1Y15         RAMB36E1 (Hold_ramb36e1_CLKARDCLK_ADDRARDADDR[11])
                                                      0.183     1.700    u_rom/U0/inst_blk_mem_gen/gnbram.gnativebmg.native_blk_mem_gen/valid.cstr/ramloop[1].ram.r/prim_init.ram/DEVICE_7SERIES.NO_BMM_INFO.SP.CASCADED_PRIM36.ram_B
  -------------------------------------------------------------------
                         required time                         -1.700    
                         arrival time                           1.793    
  -------------------------------------------------------------------
                         slack                                  0.093    

Slack (MET) :             0.098ns  (arrival time - required time)
  Source:                 u_fir/U0/i_synth/g_single_rate.i_single_rate/g_semi_parallel_and_smac.g_paths[0].g_data_array.g_madd[0].g_sym_data.g_sym_data_casc.i_data_sym_casc_dly/g_buff.i_buff/gen_reg.d_reg_reg[7]/C
                            (rising edge-triggered cell FDRE clocked by sys_clk  {rise@0.000ns fall@5.000ns period=10.000ns})
  Destination:            u_fir/U0/i_synth/g_single_rate.i_single_rate/g_semi_parallel_and_smac.g_paths[0].g_mem_array[0].i_mem/g_individual.g_mem_b.i_mem_b/gen_srl16.gen_mem.mem_reg[15][7]_srl16/D
                            (rising edge-triggered cell SRL16E clocked by sys_clk  {rise@0.000ns fall@5.000ns period=10.000ns})
  Path Group:             sys_clk
  Path Type:              Hold (Min at Fast Process Corner)
  Requirement:            0.000ns  (sys_clk rise@0.000ns - sys_clk rise@0.000ns)
  Data Path Delay:        0.241ns  (logic 0.128ns (53.025%)  route 0.113ns (46.975%))
  Logic Levels:           0  
  Clock Path Skew:        0.013ns (DCD - SCD - CPR)
    Destination Clock Delay (DCD):    1.970ns
    Source Clock Delay      (SCD):    1.458ns
    Clock Pessimism Removal (CPR):    0.499ns

    Location             Delay type                Incr(ns)  Path(ns)    Netlist Resource(s)
  -------------------------------------------------------------------    -------------------
                         (clock sys_clk rise edge)    0.000     0.000 r  
    P17                                               0.000     0.000 r  clk (IN)
                         net (fo=0)                   0.000     0.000    clk
    P17                  IBUF (Prop_ibuf_I_O)         0.246     0.246 r  clk_IBUF_inst/O
                         net (fo=1, routed)           0.634     0.880    clk_IBUF
    BUFGCTRL_X0Y0        BUFG (Prop_bufg_I_O)         0.026     0.906 r  clk_IBUF_BUFG_inst/O
                         net (fo=548, routed)         0.552     1.458    u_fir/U0/i_synth/g_single_rate.i_single_rate/g_semi_parallel_and_smac.g_paths[0].g_data_array.g_madd[0].g_sym_data.g_sym_data_casc.i_data_sym_casc_dly/g_buff.i_buff/aclk
    SLICE_X13Y76         FDRE                                         r  u_fir/U0/i_synth/g_single_rate.i_single_rate/g_semi_parallel_and_smac.g_paths[0].g_data_array.g_madd[0].g_sym_data.g_sym_data_casc.i_data_sym_casc_dly/g_buff.i_buff/gen_reg.d_reg_reg[7]/C
  -------------------------------------------------------------------    -------------------
    SLICE_X13Y76         FDRE (Prop_fdre_C_Q)         0.128     1.586 r  u_fir/U0/i_synth/g_single_rate.i_single_rate/g_semi_parallel_and_smac.g_paths[0].g_data_array.g_madd[0].g_sym_data.g_sym_data_casc.i_data_sym_casc_dly/g_buff.i_buff/gen_reg.d_reg_reg[7]/Q
                         net (fo=1, routed)           0.113     1.699    u_fir/U0/i_synth/g_single_rate.i_single_rate/g_semi_parallel_and_smac.g_paths[0].g_mem_array[0].i_mem/g_individual.g_mem_b.i_mem_b/DATA_IN[7]
    SLICE_X12Y76         SRL16E                                       r  u_fir/U0/i_synth/g_single_rate.i_single_rate/g_semi_parallel_and_smac.g_paths[0].g_mem_array[0].i_mem/g_individual.g_mem_b.i_mem_b/gen_srl16.gen_mem.mem_reg[15][7]_srl16/D
  -------------------------------------------------------------------    -------------------

                         (clock sys_clk rise edge)    0.000     0.000 r  
    P17                                               0.000     0.000 r  clk (IN)
                         net (fo=0)                   0.000     0.000    clk
    P17                  IBUF (Prop_ibuf_I_O)         0.434     0.434 r  clk_IBUF_inst/O
                         net (fo=1, routed)           0.689     1.123    clk_IBUF
    BUFGCTRL_X0Y0        BUFG (Prop_bufg_I_O)         0.029     1.152 r  clk_IBUF_BUFG_inst/O
                         net (fo=548, routed)         0.818     1.970    u_fir/U0/i_synth/g_single_rate.i_single_rate/g_semi_parallel_and_smac.g_paths[0].g_mem_array[0].i_mem/g_individual.g_mem_b.i_mem_b/CLK
    SLICE_X12Y76         SRL16E                                       r  u_fir/U0/i_synth/g_single_rate.i_single_rate/g_semi_parallel_and_smac.g_paths[0].g_mem_array[0].i_mem/g_individual.g_mem_b.i_mem_b/gen_srl16.gen_mem.mem_reg[15][7]_srl16/CLK
                         clock pessimism             -0.499     1.471    
    SLICE_X12Y76         SRL16E (Hold_srl16e_CLK_D)
                                                      0.130     1.601    u_fir/U0/i_synth/g_single_rate.i_single_rate/g_semi_parallel_and_smac.g_paths[0].g_mem_array[0].i_mem/g_individual.g_mem_b.i_mem_b/gen_srl16.gen_mem.mem_reg[15][7]_srl16
  -------------------------------------------------------------------
                         required time                         -1.601    
                         arrival time                           1.699    
  -------------------------------------------------------------------
                         slack                                  0.098    

Slack (MET) :             0.129ns  (arrival time - required time)
  Source:                 u_fir/U0/i_synth/g_single_rate.i_single_rate/g_semi_parallel_and_smac.g_paths[0].g_data_array.g_madd[2].g_sym_data.g_sym_data_casc.i_data_sym_casc_dly/g_buff.i_buff/gen_reg.d_reg_reg[1]/C
                            (rising edge-triggered cell FDRE clocked by sys_clk  {rise@0.000ns fall@5.000ns period=10.000ns})
  Destination:            u_fir/U0/i_synth/g_single_rate.i_single_rate/g_semi_parallel_and_smac.g_paths[0].g_mem_array[2].i_mem/g_individual.g_mem_b.i_mem_b/gen_srl16.gen_mem.mem_reg[15][1]_srl16/D
                            (rising edge-triggered cell SRL16E clocked by sys_clk  {rise@0.000ns fall@5.000ns period=10.000ns})
  Path Group:             sys_clk
  Path Type:              Hold (Min at Fast Process Corner)
  Requirement:            0.000ns  (sys_clk rise@0.000ns - sys_clk rise@0.000ns)
  Data Path Delay:        0.251ns  (logic 0.141ns (56.174%)  route 0.110ns (43.826%))
  Logic Levels:           0  
  Clock Path Skew:        0.013ns (DCD - SCD - CPR)
    Destination Clock Delay (DCD):    1.974ns
    Source Clock Delay      (SCD):    1.462ns
    Clock Pessimism Removal (CPR):    0.499ns

    Location             Delay type                Incr(ns)  Path(ns)    Netlist Resource(s)
  -------------------------------------------------------------------    -------------------
                         (clock sys_clk rise edge)    0.000     0.000 r  
    P17                                               0.000     0.000 r  clk (IN)
                         net (fo=0)                   0.000     0.000    clk
    P17                  IBUF (Prop_ibuf_I_O)         0.246     0.246 r  clk_IBUF_inst/O
                         net (fo=1, routed)           0.634     0.880    clk_IBUF
    BUFGCTRL_X0Y0        BUFG (Prop_bufg_I_O)         0.026     0.906 r  clk_IBUF_BUFG_inst/O
                         net (fo=548, routed)         0.556     1.462    u_fir/U0/i_synth/g_single_rate.i_single_rate/g_semi_parallel_and_smac.g_paths[0].g_data_array.g_madd[2].g_sym_data.g_sym_data_casc.i_data_sym_casc_dly/g_buff.i_buff/aclk
    SLICE_X13Y80         FDRE                                         r  u_fir/U0/i_synth/g_single_rate.i_single_rate/g_semi_parallel_and_smac.g_paths[0].g_data_array.g_madd[2].g_sym_data.g_sym_data_casc.i_data_sym_casc_dly/g_buff.i_buff/gen_reg.d_reg_reg[1]/C
  -------------------------------------------------------------------    -------------------
    SLICE_X13Y80         FDRE (Prop_fdre_C_Q)         0.141     1.603 r  u_fir/U0/i_synth/g_single_rate.i_single_rate/g_semi_parallel_and_smac.g_paths[0].g_data_array.g_madd[2].g_sym_data.g_sym_data_casc.i_data_sym_casc_dly/g_buff.i_buff/gen_reg.d_reg_reg[1]/Q
                         net (fo=1, routed)           0.110     1.713    u_fir/U0/i_synth/g_single_rate.i_single_rate/g_semi_parallel_and_smac.g_paths[0].g_mem_array[2].i_mem/g_individual.g_mem_b.i_mem_b/DATA_IN[1]
    SLICE_X12Y79         SRL16E                                       r  u_fir/U0/i_synth/g_single_rate.i_single_rate/g_semi_parallel_and_smac.g_paths[0].g_mem_array[2].i_mem/g_individual.g_mem_b.i_mem_b/gen_srl16.gen_mem.mem_reg[15][1]_srl16/D
  -------------------------------------------------------------------    -------------------

                         (clock sys_clk rise edge)    0.000     0.000 r  
    P17                                               0.000     0.000 r  clk (IN)
                         net (fo=0)                   0.000     0.000    clk
    P17                  IBUF (Prop_ibuf_I_O)         0.434     0.434 r  clk_IBUF_inst/O
                         net (fo=1, routed)           0.689     1.123    clk_IBUF
    BUFGCTRL_X0Y0        BUFG (Prop_bufg_I_O)         0.029     1.152 r  clk_IBUF_BUFG_inst/O
                         net (fo=548, routed)         0.822     1.974    u_fir/U0/i_synth/g_single_rate.i_single_rate/g_semi_parallel_and_smac.g_paths[0].g_mem_array[2].i_mem/g_individual.g_mem_b.i_mem_b/CLK
    SLICE_X12Y79         SRL16E                                       r  u_fir/U0/i_synth/g_single_rate.i_single_rate/g_semi_parallel_and_smac.g_paths[0].g_mem_array[2].i_mem/g_individual.g_mem_b.i_mem_b/gen_srl16.gen_mem.mem_reg[15][1]_srl16/CLK
                         clock pessimism             -0.499     1.475    
    SLICE_X12Y79         SRL16E (Hold_srl16e_CLK_D)
                                                      0.109     1.584    u_fir/U0/i_synth/g_single_rate.i_single_rate/g_semi_parallel_and_smac.g_paths[0].g_mem_array[2].i_mem/g_individual.g_mem_b.i_mem_b/gen_srl16.gen_mem.mem_reg[15][1]_srl16
  -------------------------------------------------------------------
                         required time                         -1.584    
                         arrival time                           1.713    
  -------------------------------------------------------------------
                         slack                                  0.129    

Slack (MET) :             0.131ns  (arrival time - required time)
  Source:                 u_fir/U0/i_synth/g_single_rate.i_single_rate/g_semi_parallel_and_smac.g_cntrl[2].cntrl_reg[2][7]/C
                            (rising edge-triggered cell FDRE clocked by sys_clk  {rise@0.000ns fall@5.000ns period=10.000ns})
  Destination:            u_fir/U0/i_synth/g_single_rate.i_single_rate/g_semi_parallel_and_smac.g_cntrl[3].cntrl_reg[3][7]/D
                            (rising edge-triggered cell FDRE clocked by sys_clk  {rise@0.000ns fall@5.000ns period=10.000ns})
  Path Group:             sys_clk
  Path Type:              Hold (Min at Fast Process Corner)
  Requirement:            0.000ns  (sys_clk rise@0.000ns - sys_clk rise@0.000ns)
  Data Path Delay:        0.209ns  (logic 0.141ns (67.433%)  route 0.068ns (32.567%))
  Logic Levels:           0  
  Clock Path Skew:        0.000ns (DCD - SCD - CPR)
    Destination Clock Delay (DCD):    1.974ns
    Source Clock Delay      (SCD):    1.461ns
    Clock Pessimism Removal (CPR):    0.513ns

    Location             Delay type                Incr(ns)  Path(ns)    Netlist Resource(s)
  -------------------------------------------------------------------    -------------------
                         (clock sys_clk rise edge)    0.000     0.000 r  
    P17                                               0.000     0.000 r  clk (IN)
                         net (fo=0)                   0.000     0.000    clk
    P17                  IBUF (Prop_ibuf_I_O)         0.246     0.246 r  clk_IBUF_inst/O
                         net (fo=1, routed)           0.634     0.880    clk_IBUF
    BUFGCTRL_X0Y0        BUFG (Prop_bufg_I_O)         0.026     0.906 r  clk_IBUF_BUFG_inst/O
                         net (fo=548, routed)         0.555     1.461    u_fir/U0/i_synth/g_single_rate.i_single_rate/aclk
    SLICE_X13Y79         FDRE                                         r  u_fir/U0/i_synth/g_single_rate.i_single_rate/g_semi_parallel_and_smac.g_cntrl[2].cntrl_reg[2][7]/C
  -------------------------------------------------------------------    -------------------
    SLICE_X13Y79         FDRE (Prop_fdre_C_Q)         0.141     1.602 r  u_fir/U0/i_synth/g_single_rate.i_single_rate/g_semi_parallel_and_smac.g_cntrl[2].cntrl_reg[2][7]/Q
                         net (fo=9, routed)           0.068     1.670    u_fir/U0/i_synth/g_single_rate.i_single_rate/cntrl[2]_7[7]
    SLICE_X13Y79         FDRE                                         r  u_fir/U0/i_synth/g_single_rate.i_single_rate/g_semi_parallel_and_smac.g_cntrl[3].cntrl_reg[3][7]/D
  -------------------------------------------------------------------    -------------------

                         (clock sys_clk rise edge)    0.000     0.000 r  
    P17                                               0.000     0.000 r  clk (IN)
                         net (fo=0)                   0.000     0.000    clk
    P17                  IBUF (Prop_ibuf_I_O)         0.434     0.434 r  clk_IBUF_inst/O
                         net (fo=1, routed)           0.689     1.123    clk_IBUF
    BUFGCTRL_X0Y0        BUFG (Prop_bufg_I_O)         0.029     1.152 r  clk_IBUF_BUFG_inst/O
                         net (fo=548, routed)         0.822     1.974    u_fir/U0/i_synth/g_single_rate.i_single_rate/aclk
    SLICE_X13Y79         FDRE                                         r  u_fir/U0/i_synth/g_single_rate.i_single_rate/g_semi_parallel_and_smac.g_cntrl[3].cntrl_reg[3][7]/C
                         clock pessimism             -0.513     1.461    
    SLICE_X13Y79         FDRE (Hold_fdre_C_D)         0.078     1.539    u_fir/U0/i_synth/g_single_rate.i_single_rate/g_semi_parallel_and_smac.g_cntrl[3].cntrl_reg[3][7]
  -------------------------------------------------------------------
                         required time                         -1.539    
                         arrival time                           1.670    
  -------------------------------------------------------------------
                         slack                                  0.131    

Slack (MET) :             0.132ns  (arrival time - required time)
  Source:                 u_dds/U0/i_synth/i_dds/I_SINCOS.i_std_rom.i_rom/i_rtl.i_quarter_table.i_piped_map.i_cardinal_sin_ms/opt_has_pipe.first_q_reg[4]/C
                            (rising edge-triggered cell FDRE clocked by sys_clk  {rise@0.000ns fall@5.000ns period=10.000ns})
  Destination:            modulated_signal_reg[11]/D
                            (rising edge-triggered cell FDCE clocked by sys_clk  {rise@0.000ns fall@5.000ns period=10.000ns})
  Path Group:             sys_clk
  Path Type:              Hold (Min at Fast Process Corner)
  Requirement:            0.000ns  (sys_clk rise@0.000ns - sys_clk rise@0.000ns)
  Data Path Delay:        0.276ns  (logic 0.189ns (68.452%)  route 0.087ns (31.548%))
  Logic Levels:           1  (LUT2=1)
  Clock Path Skew:        0.013ns (DCD - SCD - CPR)
    Destination Clock Delay (DCD):    2.006ns
    Source Clock Delay      (SCD):    1.492ns
    Clock Pessimism Removal (CPR):    0.501ns

    Location             Delay type                Incr(ns)  Path(ns)    Netlist Resource(s)
  -------------------------------------------------------------------    -------------------
                         (clock sys_clk rise edge)    0.000     0.000 r  
    P17                                               0.000     0.000 r  clk (IN)
                         net (fo=0)                   0.000     0.000    clk
    P17                  IBUF (Prop_ibuf_I_O)         0.246     0.246 r  clk_IBUF_inst/O
                         net (fo=1, routed)           0.634     0.880    clk_IBUF
    BUFGCTRL_X0Y0        BUFG (Prop_bufg_I_O)         0.026     0.906 r  clk_IBUF_BUFG_inst/O
                         net (fo=548, routed)         0.586     1.492    u_dds/U0/i_synth/i_dds/I_SINCOS.i_std_rom.i_rom/i_rtl.i_quarter_table.i_piped_map.i_cardinal_sin_ms/aclk
    SLICE_X3Y81          FDRE                                         r  u_dds/U0/i_synth/i_dds/I_SINCOS.i_std_rom.i_rom/i_rtl.i_quarter_table.i_piped_map.i_cardinal_sin_ms/opt_has_pipe.first_q_reg[4]/C
  -------------------------------------------------------------------    -------------------
    SLICE_X3Y81          FDRE (Prop_fdre_C_Q)         0.141     1.633 r  u_dds/U0/i_synth/i_dds/I_SINCOS.i_std_rom.i_rom/i_rtl.i_quarter_table.i_piped_map.i_cardinal_sin_ms/opt_has_pipe.first_q_reg[4]/Q
                         net (fo=1, routed)           0.087     1.720    dds_data[11]
    SLICE_X2Y81          LUT2 (Prop_lut2_I1_O)        0.048     1.768 r  modulated_signal[11]_i_1/O
                         net (fo=1, routed)           0.000     1.768    modulated_signal[11]_i_1_n_0
    SLICE_X2Y81          FDCE                                         r  modulated_signal_reg[11]/D
  -------------------------------------------------------------------    -------------------

                         (clock sys_clk rise edge)    0.000     0.000 r  
    P17                                               0.000     0.000 r  clk (IN)
                         net (fo=0)                   0.000     0.000    clk
    P17                  IBUF (Prop_ibuf_I_O)         0.434     0.434 r  clk_IBUF_inst/O
                         net (fo=1, routed)           0.689     1.123    clk_IBUF
    BUFGCTRL_X0Y0        BUFG (Prop_bufg_I_O)         0.029     1.152 r  clk_IBUF_BUFG_inst/O
                         net (fo=548, routed)         0.854     2.006    clk_IBUF_BUFG
    SLICE_X2Y81          FDCE                                         r  modulated_signal_reg[11]/C
                         clock pessimism             -0.501     1.505    
    SLICE_X2Y81          FDCE (Hold_fdce_C_D)         0.131     1.636    modulated_signal_reg[11]
  -------------------------------------------------------------------
                         required time                         -1.636    
                         arrival time                           1.768    
  -------------------------------------------------------------------
                         slack                                  0.132    

Slack (MET) :             0.133ns  (arrival time - required time)
  Source:                 u_fir/U0/i_synth/g_single_rate.i_single_rate/g_semi_parallel_and_smac.g_cntrl[2].address_reg[2][9]/C
                            (rising edge-triggered cell FDRE clocked by sys_clk  {rise@0.000ns fall@5.000ns period=10.000ns})
  Destination:            u_fir/U0/i_synth/g_single_rate.i_single_rate/g_semi_parallel_and_smac.g_cntrl[3].address_reg[3][9]/D
                            (rising edge-triggered cell FDRE clocked by sys_clk  {rise@0.000ns fall@5.000ns period=10.000ns})
  Path Group:             sys_clk
  Path Type:              Hold (Min at Fast Process Corner)
  Requirement:            0.000ns  (sys_clk rise@0.000ns - sys_clk rise@0.000ns)
  Data Path Delay:        0.209ns  (logic 0.141ns (67.433%)  route 0.068ns (32.567%))
  Logic Levels:           0  
  Clock Path Skew:        0.000ns (DCD - SCD - CPR)
    Destination Clock Delay (DCD):    1.974ns
    Source Clock Delay      (SCD):    1.461ns
    Clock Pessimism Removal (CPR):    0.513ns

    Location             Delay type                Incr(ns)  Path(ns)    Netlist Resource(s)
  -------------------------------------------------------------------    -------------------
                         (clock sys_clk rise edge)    0.000     0.000 r  
    P17                                               0.000     0.000 r  clk (IN)
                         net (fo=0)                   0.000     0.000    clk
    P17                  IBUF (Prop_ibuf_I_O)         0.246     0.246 r  clk_IBUF_inst/O
                         net (fo=1, routed)           0.634     0.880    clk_IBUF
    BUFGCTRL_X0Y0        BUFG (Prop_bufg_I_O)         0.026     0.906 r  clk_IBUF_BUFG_inst/O
                         net (fo=548, routed)         0.555     1.461    u_fir/U0/i_synth/g_single_rate.i_single_rate/aclk
    SLICE_X13Y79         FDRE                                         r  u_fir/U0/i_synth/g_single_rate.i_single_rate/g_semi_parallel_and_smac.g_cntrl[2].address_reg[2][9]/C
  -------------------------------------------------------------------    -------------------
    SLICE_X13Y79         FDRE (Prop_fdre_C_Q)         0.141     1.602 r  u_fir/U0/i_synth/g_single_rate.i_single_rate/g_semi_parallel_and_smac.g_cntrl[2].address_reg[2][9]/Q
                         net (fo=9, routed)           0.068     1.670    u_fir/U0/i_synth/g_single_rate.i_single_rate/g_semi_parallel_and_smac.g_cntrl[2].address_reg_n_0_[2][9]
    SLICE_X13Y79         FDRE                                         r  u_fir/U0/i_synth/g_single_rate.i_single_rate/g_semi_parallel_and_smac.g_cntrl[3].address_reg[3][9]/D
  -------------------------------------------------------------------    -------------------

                         (clock sys_clk rise edge)    0.000     0.000 r  
    P17                                               0.000     0.000 r  clk (IN)
                         net (fo=0)                   0.000     0.000    clk
    P17                  IBUF (Prop_ibuf_I_O)         0.434     0.434 r  clk_IBUF_inst/O
                         net (fo=1, routed)           0.689     1.123    clk_IBUF
    BUFGCTRL_X0Y0        BUFG (Prop_bufg_I_O)         0.029     1.152 r  clk_IBUF_BUFG_inst/O
                         net (fo=548, routed)         0.822     1.974    u_fir/U0/i_synth/g_single_rate.i_single_rate/aclk
    SLICE_X13Y79         FDRE                                         r  u_fir/U0/i_synth/g_single_rate.i_single_rate/g_semi_parallel_and_smac.g_cntrl[3].address_reg[3][9]/C
                         clock pessimism             -0.513     1.461    
    SLICE_X13Y79         FDRE (Hold_fdre_C_D)         0.076     1.537    u_fir/U0/i_synth/g_single_rate.i_single_rate/g_semi_parallel_and_smac.g_cntrl[3].address_reg[3][9]
  -------------------------------------------------------------------
                         required time                         -1.537    
                         arrival time                           1.670    
  -------------------------------------------------------------------
                         slack                                  0.133    

Slack (MET) :             0.136ns  (arrival time - required time)
  Source:                 u_fir/U0/i_synth/g_single_rate.i_single_rate/g_semi_parallel_and_smac.g_paths[0].g_data_array.g_madd[2].g_sym_data.g_sym_data_casc.i_data_sym_casc_dly/g_buff.i_buff/gen_reg.d_reg_reg[0]/C
                            (rising edge-triggered cell FDRE clocked by sys_clk  {rise@0.000ns fall@5.000ns period=10.000ns})
  Destination:            u_fir/U0/i_synth/g_single_rate.i_single_rate/g_semi_parallel_and_smac.g_paths[0].g_mem_array[2].i_mem/g_individual.g_mem_b.i_mem_b/gen_srl16.gen_mem.mem_reg[15][0]_srl16/D
                            (rising edge-triggered cell SRL16E clocked by sys_clk  {rise@0.000ns fall@5.000ns period=10.000ns})
  Path Group:             sys_clk
  Path Type:              Hold (Min at Fast Process Corner)
  Requirement:            0.000ns  (sys_clk rise@0.000ns - sys_clk rise@0.000ns)
  Data Path Delay:        0.251ns  (logic 0.141ns (56.174%)  route 0.110ns (43.826%))
  Logic Levels:           0  
  Clock Path Skew:        0.013ns (DCD - SCD - CPR)
    Destination Clock Delay (DCD):    1.974ns
    Source Clock Delay      (SCD):    1.462ns
    Clock Pessimism Removal (CPR):    0.499ns

    Location             Delay type                Incr(ns)  Path(ns)    Netlist Resource(s)
  -------------------------------------------------------------------    -------------------
                         (clock sys_clk rise edge)    0.000     0.000 r  
    P17                                               0.000     0.000 r  clk (IN)
                         net (fo=0)                   0.000     0.000    clk
    P17                  IBUF (Prop_ibuf_I_O)         0.246     0.246 r  clk_IBUF_inst/O
                         net (fo=1, routed)           0.634     0.880    clk_IBUF
    BUFGCTRL_X0Y0        BUFG (Prop_bufg_I_O)         0.026     0.906 r  clk_IBUF_BUFG_inst/O
                         net (fo=548, routed)         0.556     1.462    u_fir/U0/i_synth/g_single_rate.i_single_rate/g_semi_parallel_and_smac.g_paths[0].g_data_array.g_madd[2].g_sym_data.g_sym_data_casc.i_data_sym_casc_dly/g_buff.i_buff/aclk
    SLICE_X13Y80         FDRE                                         r  u_fir/U0/i_synth/g_single_rate.i_single_rate/g_semi_parallel_and_smac.g_paths[0].g_data_array.g_madd[2].g_sym_data.g_sym_data_casc.i_data_sym_casc_dly/g_buff.i_buff/gen_reg.d_reg_reg[0]/C
  -------------------------------------------------------------------    -------------------
    SLICE_X13Y80         FDRE (Prop_fdre_C_Q)         0.141     1.603 r  u_fir/U0/i_synth/g_single_rate.i_single_rate/g_semi_parallel_and_smac.g_paths[0].g_data_array.g_madd[2].g_sym_data.g_sym_data_casc.i_data_sym_casc_dly/g_buff.i_buff/gen_reg.d_reg_reg[0]/Q
                         net (fo=1, routed)           0.110     1.713    u_fir/U0/i_synth/g_single_rate.i_single_rate/g_semi_parallel_and_smac.g_paths[0].g_mem_array[2].i_mem/g_individual.g_mem_b.i_mem_b/DATA_IN[0]
    SLICE_X12Y79         SRL16E                                       r  u_fir/U0/i_synth/g_single_rate.i_single_rate/g_semi_parallel_and_smac.g_paths[0].g_mem_array[2].i_mem/g_individual.g_mem_b.i_mem_b/gen_srl16.gen_mem.mem_reg[15][0]_srl16/D
  -------------------------------------------------------------------    -------------------

                         (clock sys_clk rise edge)    0.000     0.000 r  
    P17                                               0.000     0.000 r  clk (IN)
                         net (fo=0)                   0.000     0.000    clk
    P17                  IBUF (Prop_ibuf_I_O)         0.434     0.434 r  clk_IBUF_inst/O
                         net (fo=1, routed)           0.689     1.123    clk_IBUF
    BUFGCTRL_X0Y0        BUFG (Prop_bufg_I_O)         0.029     1.152 r  clk_IBUF_BUFG_inst/O
                         net (fo=548, routed)         0.822     1.974    u_fir/U0/i_synth/g_single_rate.i_single_rate/g_semi_parallel_and_smac.g_paths[0].g_mem_array[2].i_mem/g_individual.g_mem_b.i_mem_b/CLK
    SLICE_X12Y79         SRL16E                                       r  u_fir/U0/i_synth/g_single_rate.i_single_rate/g_semi_parallel_and_smac.g_paths[0].g_mem_array[2].i_mem/g_individual.g_mem_b.i_mem_b/gen_srl16.gen_mem.mem_reg[15][0]_srl16/CLK
                         clock pessimism             -0.499     1.475    
    SLICE_X12Y79         SRL16E (Hold_srl16e_CLK_D)
                                                      0.102     1.577    u_fir/U0/i_synth/g_single_rate.i_single_rate/g_semi_parallel_and_smac.g_paths[0].g_mem_array[2].i_mem/g_individual.g_mem_b.i_mem_b/gen_srl16.gen_mem.mem_reg[15][0]_srl16
  -------------------------------------------------------------------
                         required time                         -1.577    
                         arrival time                           1.713    
  -------------------------------------------------------------------
                         slack                                  0.136    

Slack (MET) :             0.136ns  (arrival time - required time)
  Source:                 rom_addr_reg[5]/C
                            (rising edge-triggered cell FDCE clocked by sys_clk  {rise@0.000ns fall@5.000ns period=10.000ns})
  Destination:            u_rom/U0/inst_blk_mem_gen/gnbram.gnativebmg.native_blk_mem_gen/valid.cstr/ramloop[6].ram.r/prim_init.ram/DEVICE_7SERIES.NO_BMM_INFO.SP.CASCADED_PRIM36.ram_T/ADDRARDADDR[5]
                            (rising edge-triggered cell RAMB36E1 clocked by sys_clk  {rise@0.000ns fall@5.000ns period=10.000ns})
  Path Group:             sys_clk
  Path Type:              Hold (Min at Fast Process Corner)
  Requirement:            0.000ns  (sys_clk rise@0.000ns - sys_clk rise@0.000ns)
  Data Path Delay:        0.376ns  (logic 0.141ns (37.518%)  route 0.235ns (62.483%))
  Logic Levels:           0  
  Clock Path Skew:        0.056ns (DCD - SCD - CPR)
    Destination Clock Delay (DCD):    2.013ns
    Source Clock Delay      (SCD):    1.457ns
    Clock Pessimism Removal (CPR):    0.499ns

    Location             Delay type                Incr(ns)  Path(ns)    Netlist Resource(s)
  -------------------------------------------------------------------    -------------------
                         (clock sys_clk rise edge)    0.000     0.000 r  
    P17                                               0.000     0.000 r  clk (IN)
                         net (fo=0)                   0.000     0.000    clk
    P17                  IBUF (Prop_ibuf_I_O)         0.246     0.246 r  clk_IBUF_inst/O
                         net (fo=1, routed)           0.634     0.880    clk_IBUF
    BUFGCTRL_X0Y0        BUFG (Prop_bufg_I_O)         0.026     0.906 r  clk_IBUF_BUFG_inst/O
                         net (fo=548, routed)         0.551     1.457    clk_IBUF_BUFG
    SLICE_X49Y74         FDCE                                         r  rom_addr_reg[5]/C
  -------------------------------------------------------------------    -------------------
    SLICE_X49Y74         FDCE (Prop_fdce_C_Q)         0.141     1.598 r  rom_addr_reg[5]/Q
                         net (fo=18, routed)          0.235     1.833    u_rom/U0/inst_blk_mem_gen/gnbram.gnativebmg.native_blk_mem_gen/valid.cstr/ramloop[6].ram.r/prim_init.ram/addra[5]
    RAMB36_X1Y14         RAMB36E1                                     r  u_rom/U0/inst_blk_mem_gen/gnbram.gnativebmg.native_blk_mem_gen/valid.cstr/ramloop[6].ram.r/prim_init.ram/DEVICE_7SERIES.NO_BMM_INFO.SP.CASCADED_PRIM36.ram_T/ADDRARDADDR[5]
  -------------------------------------------------------------------    -------------------

                         (clock sys_clk rise edge)    0.000     0.000 r  
    P17                                               0.000     0.000 r  clk (IN)
                         net (fo=0)                   0.000     0.000    clk
    P17                  IBUF (Prop_ibuf_I_O)         0.434     0.434 r  clk_IBUF_inst/O
                         net (fo=1, routed)           0.689     1.123    clk_IBUF
    BUFGCTRL_X0Y0        BUFG (Prop_bufg_I_O)         0.029     1.152 r  clk_IBUF_BUFG_inst/O
                         net (fo=548, routed)         0.861     2.013    u_rom/U0/inst_blk_mem_gen/gnbram.gnativebmg.native_blk_mem_gen/valid.cstr/ramloop[6].ram.r/prim_init.ram/clka
    RAMB36_X1Y14         RAMB36E1                                     r  u_rom/U0/inst_blk_mem_gen/gnbram.gnativebmg.native_blk_mem_gen/valid.cstr/ramloop[6].ram.r/prim_init.ram/DEVICE_7SERIES.NO_BMM_INFO.SP.CASCADED_PRIM36.ram_T/CLKARDCLK
                         clock pessimism             -0.499     1.514    
    RAMB36_X1Y14         RAMB36E1 (Hold_ramb36e1_CLKARDCLK_ADDRARDADDR[5])
                                                      0.183     1.697    u_rom/U0/inst_blk_mem_gen/gnbram.gnativebmg.native_blk_mem_gen/valid.cstr/ramloop[6].ram.r/prim_init.ram/DEVICE_7SERIES.NO_BMM_INFO.SP.CASCADED_PRIM36.ram_T
  -------------------------------------------------------------------
                         required time                         -1.697    
                         arrival time                           1.833    
  -------------------------------------------------------------------
                         slack                                  0.136    

Slack (MET) :             0.137ns  (arrival time - required time)
  Source:                 rom_addr_reg[0]/C
                            (rising edge-triggered cell FDCE clocked by sys_clk  {rise@0.000ns fall@5.000ns period=10.000ns})
  Destination:            u_rom/U0/inst_blk_mem_gen/gnbram.gnativebmg.native_blk_mem_gen/valid.cstr/ramloop[6].ram.r/prim_init.ram/DEVICE_7SERIES.NO_BMM_INFO.SP.CASCADED_PRIM36.ram_T/ADDRARDADDR[0]
                            (rising edge-triggered cell RAMB36E1 clocked by sys_clk  {rise@0.000ns fall@5.000ns period=10.000ns})
  Path Group:             sys_clk
  Path Type:              Hold (Min at Fast Process Corner)
  Requirement:            0.000ns  (sys_clk rise@0.000ns - sys_clk rise@0.000ns)
  Data Path Delay:        0.375ns  (logic 0.141ns (37.588%)  route 0.234ns (62.412%))
  Logic Levels:           0  
  Clock Path Skew:        0.055ns (DCD - SCD - CPR)
    Destination Clock Delay (DCD):    2.013ns
    Source Clock Delay      (SCD):    1.458ns
    Clock Pessimism Removal (CPR):    0.499ns

    Location             Delay type                Incr(ns)  Path(ns)    Netlist Resource(s)
  -------------------------------------------------------------------    -------------------
                         (clock sys_clk rise edge)    0.000     0.000 r  
    P17                                               0.000     0.000 r  clk (IN)
                         net (fo=0)                   0.000     0.000    clk
    P17                  IBUF (Prop_ibuf_I_O)         0.246     0.246 r  clk_IBUF_inst/O
                         net (fo=1, routed)           0.634     0.880    clk_IBUF
    BUFGCTRL_X0Y0        BUFG (Prop_bufg_I_O)         0.026     0.906 r  clk_IBUF_BUFG_inst/O
                         net (fo=548, routed)         0.552     1.458    clk_IBUF_BUFG
    SLICE_X49Y73         FDCE                                         r  rom_addr_reg[0]/C
  -------------------------------------------------------------------    -------------------
    SLICE_X49Y73         FDCE (Prop_fdce_C_Q)         0.141     1.599 r  rom_addr_reg[0]/Q
                         net (fo=19, routed)          0.234     1.833    u_rom/U0/inst_blk_mem_gen/gnbram.gnativebmg.native_blk_mem_gen/valid.cstr/ramloop[6].ram.r/prim_init.ram/addra[0]
    RAMB36_X1Y14         RAMB36E1                                     r  u_rom/U0/inst_blk_mem_gen/gnbram.gnativebmg.native_blk_mem_gen/valid.cstr/ramloop[6].ram.r/prim_init.ram/DEVICE_7SERIES.NO_BMM_INFO.SP.CASCADED_PRIM36.ram_T/ADDRARDADDR[0]
  -------------------------------------------------------------------    -------------------

                         (clock sys_clk rise edge)    0.000     0.000 r  
    P17                                               0.000     0.000 r  clk (IN)
                         net (fo=0)                   0.000     0.000    clk
    P17                  IBUF (Prop_ibuf_I_O)         0.434     0.434 r  clk_IBUF_inst/O
                         net (fo=1, routed)           0.689     1.123    clk_IBUF
    BUFGCTRL_X0Y0        BUFG (Prop_bufg_I_O)         0.029     1.152 r  clk_IBUF_BUFG_inst/O
                         net (fo=548, routed)         0.861     2.013    u_rom/U0/inst_blk_mem_gen/gnbram.gnativebmg.native_blk_mem_gen/valid.cstr/ramloop[6].ram.r/prim_init.ram/clka
    RAMB36_X1Y14         RAMB36E1                                     r  u_rom/U0/inst_blk_mem_gen/gnbram.gnativebmg.native_blk_mem_gen/valid.cstr/ramloop[6].ram.r/prim_init.ram/DEVICE_7SERIES.NO_BMM_INFO.SP.CASCADED_PRIM36.ram_T/CLKARDCLK
                         clock pessimism             -0.499     1.514    
    RAMB36_X1Y14         RAMB36E1 (Hold_ramb36e1_CLKARDCLK_ADDRARDADDR[0])
                                                      0.183     1.697    u_rom/U0/inst_blk_mem_gen/gnbram.gnativebmg.native_blk_mem_gen/valid.cstr/ramloop[6].ram.r/prim_init.ram/DEVICE_7SERIES.NO_BMM_INFO.SP.CASCADED_PRIM36.ram_T
  -------------------------------------------------------------------
                         required time                         -1.697    
                         arrival time                           1.833    
  -------------------------------------------------------------------
                         slack                                  0.137    

Slack (MET) :             0.138ns  (arrival time - required time)
  Source:                 u_fir/U0/i_synth/g_single_rate.i_single_rate/g_s_data_chan_fifo.i_s_data_chan_fifo/fifo_wr_data_1_reg[1]/C
                            (rising edge-triggered cell FDRE clocked by sys_clk  {rise@0.000ns fall@5.000ns period=10.000ns})
  Destination:            u_fir/U0/i_synth/g_single_rate.i_single_rate/g_s_data_chan_fifo.i_s_data_chan_fifo/fifo0/fifo_1_reg[15][1]_srl16/D
                            (rising edge-triggered cell SRL16E clocked by sys_clk  {rise@0.000ns fall@5.000ns period=10.000ns})
  Path Group:             sys_clk
  Path Type:              Hold (Min at Fast Process Corner)
  Requirement:            0.000ns  (sys_clk rise@0.000ns - sys_clk rise@0.000ns)
  Data Path Delay:        0.280ns  (logic 0.141ns (50.289%)  route 0.139ns (49.712%))
  Logic Levels:           0  
  Clock Path Skew:        0.033ns (DCD - SCD - CPR)
    Destination Clock Delay (DCD):    1.969ns
    Source Clock Delay      (SCD):    1.457ns
    Clock Pessimism Removal (CPR):    0.479ns

    Location             Delay type                Incr(ns)  Path(ns)    Netlist Resource(s)
  -------------------------------------------------------------------    -------------------
                         (clock sys_clk rise edge)    0.000     0.000 r  
    P17                                               0.000     0.000 r  clk (IN)
                         net (fo=0)                   0.000     0.000    clk
    P17                  IBUF (Prop_ibuf_I_O)         0.246     0.246 r  clk_IBUF_inst/O
                         net (fo=1, routed)           0.634     0.880    clk_IBUF
    BUFGCTRL_X0Y0        BUFG (Prop_bufg_I_O)         0.026     0.906 r  clk_IBUF_BUFG_inst/O
                         net (fo=548, routed)         0.551     1.457    u_fir/U0/i_synth/g_single_rate.i_single_rate/g_s_data_chan_fifo.i_s_data_chan_fifo/aclk
    SLICE_X11Y74         FDRE                                         r  u_fir/U0/i_synth/g_single_rate.i_single_rate/g_s_data_chan_fifo.i_s_data_chan_fifo/fifo_wr_data_1_reg[1]/C
  -------------------------------------------------------------------    -------------------
    SLICE_X11Y74         FDRE (Prop_fdre_C_Q)         0.141     1.598 r  u_fir/U0/i_synth/g_single_rate.i_single_rate/g_s_data_chan_fifo.i_s_data_chan_fifo/fifo_wr_data_1_reg[1]/Q
                         net (fo=1, routed)           0.139     1.737    u_fir/U0/i_synth/g_single_rate.i_single_rate/g_s_data_chan_fifo.i_s_data_chan_fifo/fifo0/wr_data[1]
    SLICE_X10Y75         SRL16E                                       r  u_fir/U0/i_synth/g_single_rate.i_single_rate/g_s_data_chan_fifo.i_s_data_chan_fifo/fifo0/fifo_1_reg[15][1]_srl16/D
  -------------------------------------------------------------------    -------------------

                         (clock sys_clk rise edge)    0.000     0.000 r  
    P17                                               0.000     0.000 r  clk (IN)
                         net (fo=0)                   0.000     0.000    clk
    P17                  IBUF (Prop_ibuf_I_O)         0.434     0.434 r  clk_IBUF_inst/O
                         net (fo=1, routed)           0.689     1.123    clk_IBUF
    BUFGCTRL_X0Y0        BUFG (Prop_bufg_I_O)         0.029     1.152 r  clk_IBUF_BUFG_inst/O
                         net (fo=548, routed)         0.817     1.969    u_fir/U0/i_synth/g_single_rate.i_single_rate/g_s_data_chan_fifo.i_s_data_chan_fifo/fifo0/aclk
    SLICE_X10Y75         SRL16E                                       r  u_fir/U0/i_synth/g_single_rate.i_single_rate/g_s_data_chan_fifo.i_s_data_chan_fifo/fifo0/fifo_1_reg[15][1]_srl16/CLK
                         clock pessimism             -0.479     1.490    
    SLICE_X10Y75         SRL16E (Hold_srl16e_CLK_D)
                                                      0.109     1.599    u_fir/U0/i_synth/g_single_rate.i_single_rate/g_s_data_chan_fifo.i_s_data_chan_fifo/fifo0/fifo_1_reg[15][1]_srl16
  -------------------------------------------------------------------
                         required time                         -1.599    
                         arrival time                           1.737    
  -------------------------------------------------------------------
                         slack                                  0.138    





Pulse Width Checks
--------------------------------------------------------------------------------------
Clock Name:         sys_clk
Waveform(ns):       { 0.000 5.000 }
Period(ns):         10.000
Sources:            { clk }

Check Type        Corner  Lib Pin             Reference Pin  Required(ns)  Actual(ns)  Slack(ns)  Location      Pin
Min Period        n/a     RAMB36E1/CLKARDCLK  n/a            2.892         10.000      7.108      RAMB36_X2Y14  u_rom/U0/inst_blk_mem_gen/gnbram.gnativebmg.native_blk_mem_gen/valid.cstr/ramloop[5].ram.r/prim_init.ram/DEVICE_7SERIES.NO_BMM_INFO.SP.CASCADED_PRIM36.ram_T/CLKARDCLK
Min Period        n/a     RAMB36E1/CLKARDCLK  n/a            2.892         10.000      7.108      RAMB36_X1Y13  u_rom/U0/inst_blk_mem_gen/gnbram.gnativebmg.native_blk_mem_gen/valid.cstr/ramloop[6].ram.r/prim_init.ram/DEVICE_7SERIES.NO_BMM_INFO.SP.CASCADED_PRIM36.ram_B/CLKARDCLK
Min Period        n/a     RAMB36E1/CLKARDCLK  n/a            2.892         10.000      7.108      RAMB36_X1Y14  u_rom/U0/inst_blk_mem_gen/gnbram.gnativebmg.native_blk_mem_gen/valid.cstr/ramloop[6].ram.r/prim_init.ram/DEVICE_7SERIES.NO_BMM_INFO.SP.CASCADED_PRIM36.ram_T/CLKARDCLK
Min Period        n/a     RAMB36E1/CLKARDCLK  n/a            2.892         10.000      7.108      RAMB36_X2Y15  u_rom/U0/inst_blk_mem_gen/gnbram.gnativebmg.native_blk_mem_gen/valid.cstr/ramloop[7].ram.r/prim_init.ram/DEVICE_7SERIES.NO_BMM_INFO.SP.CASCADED_PRIM36.ram_B/CLKARDCLK
Min Period        n/a     RAMB36E1/CLKARDCLK  n/a            2.892         10.000      7.108      RAMB36_X2Y16  u_rom/U0/inst_blk_mem_gen/gnbram.gnativebmg.native_blk_mem_gen/valid.cstr/ramloop[7].ram.r/prim_init.ram/DEVICE_7SERIES.NO_BMM_INFO.SP.CASCADED_PRIM36.ram_T/CLKARDCLK
Min Period        n/a     RAMB36E1/CLKARDCLK  n/a            2.892         10.000      7.108      RAMB36_X1Y11  u_rom/U0/inst_blk_mem_gen/gnbram.gnativebmg.native_blk_mem_gen/valid.cstr/ramloop[0].ram.r/prim_init.ram/DEVICE_7SERIES.NO_BMM_INFO.SP.CASCADED_PRIM36.ram_B/CLKARDCLK
Min Period        n/a     RAMB36E1/CLKARDCLK  n/a            2.892         10.000      7.108      RAMB36_X1Y12  u_rom/U0/inst_blk_mem_gen/gnbram.gnativebmg.native_blk_mem_gen/valid.cstr/ramloop[0].ram.r/prim_init.ram/DEVICE_7SERIES.NO_BMM_INFO.SP.CASCADED_PRIM36.ram_T/CLKARDCLK
Min Period        n/a     RAMB36E1/CLKARDCLK  n/a            2.892         10.000      7.108      RAMB36_X1Y15  u_rom/U0/inst_blk_mem_gen/gnbram.gnativebmg.native_blk_mem_gen/valid.cstr/ramloop[1].ram.r/prim_init.ram/DEVICE_7SERIES.NO_BMM_INFO.SP.CASCADED_PRIM36.ram_B/CLKARDCLK
Min Period        n/a     RAMB36E1/CLKARDCLK  n/a            2.892         10.000      7.108      RAMB36_X1Y16  u_rom/U0/inst_blk_mem_gen/gnbram.gnativebmg.native_blk_mem_gen/valid.cstr/ramloop[1].ram.r/prim_init.ram/DEVICE_7SERIES.NO_BMM_INFO.SP.CASCADED_PRIM36.ram_T/CLKARDCLK
Min Period        n/a     RAMB36E1/CLKARDCLK  n/a            2.892         10.000      7.108      RAMB36_X1Y17  u_rom/U0/inst_blk_mem_gen/gnbram.gnativebmg.native_blk_mem_gen/valid.cstr/ramloop[2].ram.r/prim_init.ram/DEVICE_7SERIES.NO_BMM_INFO.SP.CASCADED_PRIM36.ram_B/CLKARDCLK
Low Pulse Width   Fast    SRL16E/CLK          n/a            0.980         5.000       4.020      SLICE_X12Y76  u_fir/U0/i_synth/g_single_rate.i_single_rate/g_semi_parallel_and_smac.g_paths[0].g_mem_array[0].i_mem/g_individual.g_mem_b.i_mem_b/gen_srl16.gen_mem.mem_reg[15][0]_srl16/CLK
Low Pulse Width   Fast    SRL16E/CLK          n/a            0.980         5.000       4.020      SLICE_X12Y76  u_fir/U0/i_synth/g_single_rate.i_single_rate/g_semi_parallel_and_smac.g_paths[0].g_mem_array[0].i_mem/g_individual.g_mem_b.i_mem_b/gen_srl16.gen_mem.mem_reg[15][1]_srl16/CLK
Low Pulse Width   Fast    SRL16E/CLK          n/a            0.980         5.000       4.020      SLICE_X12Y76  u_fir/U0/i_synth/g_single_rate.i_single_rate/g_semi_parallel_and_smac.g_paths[0].g_mem_array[0].i_mem/g_individual.g_mem_b.i_mem_b/gen_srl16.gen_mem.mem_reg[15][2]_srl16/CLK
Low Pulse Width   Fast    SRL16E/CLK          n/a            0.980         5.000       4.020      SLICE_X12Y76  u_fir/U0/i_synth/g_single_rate.i_single_rate/g_semi_parallel_and_smac.g_paths[0].g_mem_array[0].i_mem/g_individual.g_mem_b.i_mem_b/gen_srl16.gen_mem.mem_reg[15][3]_srl16/CLK
Low Pulse Width   Fast    SRL16E/CLK          n/a            0.980         5.000       4.020      SLICE_X12Y76  u_fir/U0/i_synth/g_single_rate.i_single_rate/g_semi_parallel_and_smac.g_paths[0].g_mem_array[0].i_mem/g_individual.g_mem_b.i_mem_b/gen_srl16.gen_mem.mem_reg[15][4]_srl16/CLK
Low Pulse Width   Fast    SRL16E/CLK          n/a            0.980         5.000       4.020      SLICE_X12Y76  u_fir/U0/i_synth/g_single_rate.i_single_rate/g_semi_parallel_and_smac.g_paths[0].g_mem_array[0].i_mem/g_individual.g_mem_b.i_mem_b/gen_srl16.gen_mem.mem_reg[15][5]_srl16/CLK
Low Pulse Width   Fast    SRL16E/CLK          n/a            0.980         5.000       4.020      SLICE_X12Y76  u_fir/U0/i_synth/g_single_rate.i_single_rate/g_semi_parallel_and_smac.g_paths[0].g_mem_array[0].i_mem/g_individual.g_mem_b.i_mem_b/gen_srl16.gen_mem.mem_reg[15][6]_srl16/CLK
Low Pulse Width   Fast    SRL16E/CLK          n/a            0.980         5.000       4.020      SLICE_X12Y76  u_fir/U0/i_synth/g_single_rate.i_single_rate/g_semi_parallel_and_smac.g_paths[0].g_mem_array[0].i_mem/g_individual.g_mem_b.i_mem_b/gen_srl16.gen_mem.mem_reg[15][7]_srl16/CLK
Low Pulse Width   Fast    SRL16E/CLK          n/a            0.980         5.000       4.020      SLICE_X10Y76  u_fir/U0/i_synth/g_single_rate.i_single_rate/g_semi_parallel_and_smac.g_paths[0].g_mem_array[0].i_mem/g_individual.i_mem_a/gen_srl16.gen_mem.mem_reg[15][0]_srl16/CLK
Low Pulse Width   Fast    SRL16E/CLK          n/a            0.980         5.000       4.020      SLICE_X10Y76  u_fir/U0/i_synth/g_single_rate.i_single_rate/g_semi_parallel_and_smac.g_paths[0].g_mem_array[0].i_mem/g_individual.i_mem_a/gen_srl16.gen_mem.mem_reg[15][1]_srl16/CLK
High Pulse Width  Slow    SRL16E/CLK          n/a            0.980         5.000       4.020      SLICE_X12Y81  u_fir/U0/i_synth/g_single_rate.i_single_rate/g_semi_parallel_and_smac.g_paths[0].g_mem_array[3].i_mem/g_individual.g_mem_b.i_mem_b/gen_srl16.gen_mem.mem_reg[15][0]_srl16/CLK
High Pulse Width  Slow    SRL16E/CLK          n/a            0.980         5.000       4.020      SLICE_X12Y81  u_fir/U0/i_synth/g_single_rate.i_single_rate/g_semi_parallel_and_smac.g_paths[0].g_mem_array[3].i_mem/g_individual.g_mem_b.i_mem_b/gen_srl16.gen_mem.mem_reg[15][1]_srl16/CLK
High Pulse Width  Slow    SRL16E/CLK          n/a            0.980         5.000       4.020      SLICE_X12Y81  u_fir/U0/i_synth/g_single_rate.i_single_rate/g_semi_parallel_and_smac.g_paths[0].g_mem_array[3].i_mem/g_individual.g_mem_b.i_mem_b/gen_srl16.gen_mem.mem_reg[15][2]_srl16/CLK
High Pulse Width  Slow    SRL16E/CLK          n/a            0.980         5.000       4.020      SLICE_X12Y81  u_fir/U0/i_synth/g_single_rate.i_single_rate/g_semi_parallel_and_smac.g_paths[0].g_mem_array[3].i_mem/g_individual.g_mem_b.i_mem_b/gen_srl16.gen_mem.mem_reg[15][3]_srl16/CLK
High Pulse Width  Slow    SRL16E/CLK          n/a            0.980         5.000       4.020      SLICE_X12Y81  u_fir/U0/i_synth/g_single_rate.i_single_rate/g_semi_parallel_and_smac.g_paths[0].g_mem_array[3].i_mem/g_individual.g_mem_b.i_mem_b/gen_srl16.gen_mem.mem_reg[15][4]_srl16/CLK
High Pulse Width  Slow    SRL16E/CLK          n/a            0.980         5.000       4.020      SLICE_X12Y81  u_fir/U0/i_synth/g_single_rate.i_single_rate/g_semi_parallel_and_smac.g_paths[0].g_mem_array[3].i_mem/g_individual.g_mem_b.i_mem_b/gen_srl16.gen_mem.mem_reg[15][5]_srl16/CLK
High Pulse Width  Slow    SRL16E/CLK          n/a            0.980         5.000       4.020      SLICE_X12Y81  u_fir/U0/i_synth/g_single_rate.i_single_rate/g_semi_parallel_and_smac.g_paths[0].g_mem_array[3].i_mem/g_individual.g_mem_b.i_mem_b/gen_srl16.gen_mem.mem_reg[15][6]_srl16/CLK
High Pulse Width  Slow    SRL16E/CLK          n/a            0.980         5.000       4.020      SLICE_X12Y81  u_fir/U0/i_synth/g_single_rate.i_single_rate/g_semi_parallel_and_smac.g_paths[0].g_mem_array[3].i_mem/g_individual.g_mem_b.i_mem_b/gen_srl16.gen_mem.mem_reg[15][7]_srl16/CLK
High Pulse Width  Slow    SRL16E/CLK          n/a            0.980         5.000       4.020      SLICE_X2Y80   u_dds/U0/i_synth/i_dds/I_SINCOS.i_std_rom.i_rom/i_rtl.i_quarter_table.i_addr_reg_c/opt_has_pipe.i_pipe[3].pipe_reg[3][1]_srl2/CLK
High Pulse Width  Slow    SRL16E/CLK          n/a            0.980         5.000       4.020      SLICE_X14Y81  u_fir/U0/i_synth/g_single_rate.i_single_rate/g_semi_parallel_and_smac.g_paths[0].g_data_array.g_madd[3].g_wrap_buff.i_data_wrap_buff/g_buff.i_buff/gen_dly.gen_shiftreg.gen_rtl_delay.delay_bus_reg[0][0]_srl1/CLK



